This is pdfTeX, Version 3.14159265-2.6-1.40.19 (TeX Live 2018) (preloaded format=pdflatex 2018.6.26)  17 JUL 2018 14:00
entering extended mode
 restricted \write18 enabled.
 %&-line parsing enabled.
**TFG_Jacqueline.tex
(./TFG_Jacqueline.tex
LaTeX2e <2018-04-01> patch level 2
Babel <3.18> and hyphenation patterns for 84 language(s) loaded.
(/usr/local/texlive/2018/texmf-dist/tex/latex/base/book.cls
Document Class: book 2014/09/29 v1.4h Standard LaTeX document class
(/usr/local/texlive/2018/texmf-dist/tex/latex/base/bk12.clo
File: bk12.clo 2014/09/29 v1.4h Standard LaTeX file (size option)
)
\c@part=\count80
\c@chapter=\count81
\c@section=\count82
\c@subsection=\count83
\c@subsubsection=\count84
\c@paragraph=\count85
\c@subparagraph=\count86
\c@figure=\count87
\c@table=\count88
\abovecaptionskip=\skip41
\belowcaptionskip=\skip42
\bibindent=\dimen102
)
(/usr/local/texlive/2018/texmf-dist/tex/latex/geometry/geometry.sty
Package: geometry 2018/03/24 v5.7 Page Geometry

(/usr/local/texlive/2018/texmf-dist/tex/latex/graphics/keyval.sty
Package: keyval 2014/10/28 v1.15 key=value parser (DPC)
\KV@toks@=\toks14
)
(/usr/local/texlive/2018/texmf-dist/tex/generic/oberdiek/ifpdf.sty
Package: ifpdf 2017/03/15 v3.2 Provides the ifpdf switch
)
(/usr/local/texlive/2018/texmf-dist/tex/generic/oberdiek/ifvtex.sty
Package: ifvtex 2016/05/16 v1.6 Detect VTeX and its facilities (HO)
Package ifvtex Info: VTeX not detected.
)
(/usr/local/texlive/2018/texmf-dist/tex/generic/ifxetex/ifxetex.sty
Package: ifxetex 2010/09/12 v0.6 Provides ifxetex conditional
)
\Gm@cnth=\count89
\Gm@cntv=\count90
\c@Gm@tempcnt=\count91
\Gm@bindingoffset=\dimen103
\Gm@wd@mp=\dimen104
\Gm@odd@mp=\dimen105
\Gm@even@mp=\dimen106
\Gm@layoutwidth=\dimen107
\Gm@layoutheight=\dimen108
\Gm@layouthoffset=\dimen109
\Gm@layoutvoffset=\dimen110
\Gm@dimlist=\toks15
)
(/usr/local/texlive/2018/texmf-dist/tex/latex/eurosym/eurosym.sty
Package: eurosym 1998/08/06 v1.1 European currency symbol ``Euro''
\@eurobox=\box26
)
(/usr/local/texlive/2018/texmf-dist/tex/latex/base/inputenc.sty
Package: inputenc 2018/04/06 v1.3b Input encoding file
\inpenc@prehook=\toks16
\inpenc@posthook=\toks17
)
(/usr/local/texlive/2018/texmf-dist/tex/generic/babel/babel.sty
Package: babel 2018/02/14 3.18 The Babel package

(/usr/local/texlive/2018/texmf-dist/tex/generic/babel/switch.def
File: switch.def 2018/02/14 3.18 Babel switching mechanism
)
(/usr/local/texlive/2018/texmf-dist/tex/generic/babel-english/english.ldf
Language: english 2017/06/06 v3.3r English support from the babel system

(/usr/local/texlive/2018/texmf-dist/tex/generic/babel/babel.def
File: babel.def 2018/02/14 3.18 Babel common definitions
\babel@savecnt=\count92
\U@D=\dimen111

(/usr/local/texlive/2018/texmf-dist/tex/generic/babel/txtbabel.def)
\bbl@dirlevel=\count93
)
\l@canadian = a dialect from \language\l@american 
\l@australian = a dialect from \language\l@british 
\l@newzealand = a dialect from \language\l@british 
))
(/usr/local/texlive/2018/texmf-dist/tex/latex/amsmath/amsmath.sty
Package: amsmath 2017/09/02 v2.17a AMS math features
\@mathmargin=\skip43

For additional information on amsmath, use the `?' option.
(/usr/local/texlive/2018/texmf-dist/tex/latex/amsmath/amstext.sty
Package: amstext 2000/06/29 v2.01 AMS text

(/usr/local/texlive/2018/texmf-dist/tex/latex/amsmath/amsgen.sty
File: amsgen.sty 1999/11/30 v2.0 generic functions
\@emptytoks=\toks18
\ex@=\dimen112
))
(/usr/local/texlive/2018/texmf-dist/tex/latex/amsmath/amsbsy.sty
Package: amsbsy 1999/11/29 v1.2d Bold Symbols
\pmbraise@=\dimen113
)
(/usr/local/texlive/2018/texmf-dist/tex/latex/amsmath/amsopn.sty
Package: amsopn 2016/03/08 v2.02 operator names
)
\inf@bad=\count94
LaTeX Info: Redefining \frac on input line 213.
\uproot@=\count95
\leftroot@=\count96
LaTeX Info: Redefining \overline on input line 375.
\classnum@=\count97
\DOTSCASE@=\count98
LaTeX Info: Redefining \ldots on input line 472.
LaTeX Info: Redefining \dots on input line 475.
LaTeX Info: Redefining \cdots on input line 596.
\Mathstrutbox@=\box27
\strutbox@=\box28
\big@size=\dimen114
LaTeX Font Info:    Redeclaring font encoding OML on input line 712.
LaTeX Font Info:    Redeclaring font encoding OMS on input line 713.
\macc@depth=\count99
\c@MaxMatrixCols=\count100
\dotsspace@=\muskip10
\c@parentequation=\count101
\dspbrk@lvl=\count102
\tag@help=\toks19
\row@=\count103
\column@=\count104
\maxfields@=\count105
\andhelp@=\toks20
\eqnshift@=\dimen115
\alignsep@=\dimen116
\tagshift@=\dimen117
\tagwidth@=\dimen118
\totwidth@=\dimen119
\lineht@=\dimen120
\@envbody=\toks21
\multlinegap=\skip44
\multlinetaggap=\skip45
\mathdisplay@stack=\toks22
LaTeX Info: Redefining \[ on input line 2817.
LaTeX Info: Redefining \] on input line 2818.
)
(/usr/local/texlive/2018/texmf-dist/tex/latex/amsfonts/amsfonts.sty
Package: amsfonts 2013/01/14 v3.01 Basic AMSFonts support
\symAMSa=\mathgroup4
\symAMSb=\mathgroup5
LaTeX Font Info:    Overwriting math alphabet `\mathfrak' in version `bold'
(Font)                  U/euf/m/n --> U/euf/b/n on input line 106.
)
(/usr/local/texlive/2018/texmf-dist/tex/latex/subfigure/subfigure.sty
Package: subfigure 2002/03/15 v2.1.5 subfigure package
\subfigtopskip=\skip46
\subfigcapskip=\skip47
\subfigcaptopadj=\dimen121
\subfigbottomskip=\skip48
\subfigcapmargin=\dimen122
\subfiglabelskip=\skip49
\c@subfigure=\count106
\c@lofdepth=\count107
\c@subtable=\count108
\c@lotdepth=\count109

****************************************
* Local config file subfigure.cfg used *
****************************************
(/usr/local/texlive/2018/texmf-dist/tex/latex/subfigure/subfigure.cfg)
\subfig@top=\skip50
\subfig@bottom=\skip51
)
(/usr/local/texlive/2018/texmf-dist/tex/latex/float/float.sty
Package: float 2001/11/08 v1.3d Float enhancements (AL)
\c@float@type=\count110
\float@exts=\toks23
\float@box=\box29
\@float@everytoks=\toks24
\@floatcapt=\box30
)
(/usr/local/texlive/2018/texmf-dist/tex/latex/amscls/amsthm.sty
Package: amsthm 2017/10/31 v2.20.4
\thm@style=\toks25
\thm@bodyfont=\toks26
\thm@headfont=\toks27
\thm@notefont=\toks28
\thm@headpunct=\toks29
\thm@preskip=\skip52
\thm@postskip=\skip53
\thm@headsep=\skip54
\dth@everypar=\toks30
)
(/usr/local/texlive/2018/texmf-dist/tex/latex/amsfonts/amssymb.sty
Package: amssymb 2013/01/14 v3.01 AMS font symbols
)
(/usr/local/texlive/2018/texmf-dist/tex/latex/base/makeidx.sty
Package: makeidx 2014/09/29 v1.0m Standard LaTeX package
)
(/usr/local/texlive/2018/texmf-dist/tex/latex/graphics/graphicx.sty
Package: graphicx 2017/06/01 v1.1a Enhanced LaTeX Graphics (DPC,SPQR)

(/usr/local/texlive/2018/texmf-dist/tex/latex/graphics/graphics.sty
Package: graphics 2017/06/25 v1.2c Standard LaTeX Graphics (DPC,SPQR)

(/usr/local/texlive/2018/texmf-dist/tex/latex/graphics/trig.sty
Package: trig 2016/01/03 v1.10 sin cos tan (DPC)
)
(/usr/local/texlive/2018/texmf-dist/tex/latex/graphics-cfg/graphics.cfg
File: graphics.cfg 2016/06/04 v1.11 sample graphics configuration
)
Package graphics Info: Driver file: pdftex.def on input line 99.

(/usr/local/texlive/2018/texmf-dist/tex/latex/graphics-def/pdftex.def
File: pdftex.def 2018/01/08 v1.0l Graphics/color driver for pdftex
))
\Gin@req@height=\dimen123
\Gin@req@width=\dimen124
)
(/usr/local/texlive/2018/texmf-dist/tex/latex/xcolor/xcolor.sty
Package: xcolor 2016/05/11 v2.12 LaTeX color extensions (UK)

(/usr/local/texlive/2018/texmf-dist/tex/latex/graphics-cfg/color.cfg
File: color.cfg 2016/01/02 v1.6 sample color configuration
)
Package xcolor Info: Driver file: pdftex.def on input line 225.

(/usr/local/texlive/2018/texmf-dist/tex/latex/colortbl/colortbl.sty
Package: colortbl 2012/02/13 v1.0a Color table columns (DPC)

(/usr/local/texlive/2018/texmf-dist/tex/latex/tools/array.sty
Package: array 2018/04/07 v2.4g Tabular extension package (FMi)
\col@sep=\dimen125
\ar@mcellbox=\box31
\extrarowheight=\dimen126
\NC@list=\toks31
\extratabsurround=\skip55
\backup@length=\skip56
\ar@cellbox=\box32
)
\everycr=\toks32
\minrowclearance=\skip57
)
\rownum=\count111
Package xcolor Info: Model `cmy' substituted by `cmy0' on input line 1348.
Package xcolor Info: Model `hsb' substituted by `rgb' on input line 1352.
Package xcolor Info: Model `RGB' extended on input line 1364.
Package xcolor Info: Model `HTML' substituted by `rgb' on input line 1366.
Package xcolor Info: Model `Hsb' substituted by `hsb' on input line 1367.
Package xcolor Info: Model `tHsb' substituted by `hsb' on input line 1368.
Package xcolor Info: Model `HSB' substituted by `hsb' on input line 1369.
Package xcolor Info: Model `Gray' substituted by `gray' on input line 1370.
Package xcolor Info: Model `wave' substituted by `hsb' on input line 1371.
)
(/usr/local/texlive/2018/texmf-dist/tex/latex/acronym/acronym.sty
Package: acronym 2015/03/21 v1.41 Support for acronyms (Tobias Oetiker)

(/usr/local/texlive/2018/texmf-dist/tex/latex/bigfoot/suffix.sty
Package: suffix 2006/07/15 1.5a Variant command support
)
(/usr/local/texlive/2018/texmf-dist/tex/generic/xstring/xstring.sty
(/usr/local/texlive/2018/texmf-dist/tex/generic/xstring/xstring.tex
\@xs@message=\write3
\integerpart=\count112
\decimalpart=\count113
)
Package: xstring 2013/10/13  v1.7c  String manipulations (C Tellechea)
)
\AC@clearlist=\toks33
)
(/usr/local/texlive/2018/texmf-dist/tex/latex/pdfpages/pdfpages.sty
Package: pdfpages 2017/10/31 v0.5l Insert pages of external PDF documents (AM)

(/usr/local/texlive/2018/texmf-dist/tex/latex/base/ifthen.sty
Package: ifthen 2014/09/29 v1.1c Standard LaTeX ifthen package (DPC)
)
(/usr/local/texlive/2018/texmf-dist/tex/latex/tools/calc.sty
Package: calc 2017/05/25 v4.3 Infix arithmetic (KKT,FJ)
\calc@Acount=\count114
\calc@Bcount=\count115
\calc@Adimen=\dimen127
\calc@Bdimen=\dimen128
\calc@Askip=\skip58
\calc@Bskip=\skip59
LaTeX Info: Redefining \setlength on input line 80.
LaTeX Info: Redefining \addtolength on input line 81.
\calc@Ccount=\count116
\calc@Cskip=\skip60
)
(/usr/local/texlive/2018/texmf-dist/tex/latex/eso-pic/eso-pic.sty
Package: eso-pic 2015/07/21 v2.0g eso-pic (RN)

(/usr/local/texlive/2018/texmf-dist/tex/generic/oberdiek/atbegshi.sty
Package: atbegshi 2016/06/09 v1.18 At begin shipout hook (HO)

(/usr/local/texlive/2018/texmf-dist/tex/generic/oberdiek/infwarerr.sty
Package: infwarerr 2016/05/16 v1.4 Providing info/warning/error messages (HO)
)
(/usr/local/texlive/2018/texmf-dist/tex/generic/oberdiek/ltxcmds.sty
Package: ltxcmds 2016/05/16 v1.23 LaTeX kernel commands for general use (HO)
)))
\AM@pagewidth=\dimen129
\AM@pageheight=\dimen130

(/usr/local/texlive/2018/texmf-dist/tex/latex/pdfpages/pppdftex.def
File: pppdftex.def 2017/10/31 v0.5l Pdfpages driver for pdfTeX (AM)
)
\AM@pagebox=\box33
\AM@global@opts=\toks34
\AM@toc@title=\toks35
\c@AM@survey=\count117
\AM@templatesizebox=\box34
)
(/usr/local/texlive/2018/texmf-dist/tex/latex/appendix/appendix.sty
Package: appendix 2009/09/02 v1.2b extra appendix facilities
\c@@pps=\count118
\c@@ppsavesec=\count119
\c@@ppsaveapp=\count120
)
(/usr/local/texlive/2018/texmf-dist/tex/latex/enumitem/enumitem.sty
Package: enumitem 2011/09/28 v3.5.2 Customized lists
\labelindent=\skip61
\enit@outerparindent=\dimen131
\enit@toks=\toks36
\enit@inbox=\box35
\enitdp@description=\count121
)
(/usr/local/texlive/2018/texmf-dist/tex/latex/titlesec/titlesec.sty
Package: titlesec 2016/03/21 v2.10.2 Sectioning titles
\ttl@box=\box36
\beforetitleunit=\skip62
\aftertitleunit=\skip63
\ttl@plus=\dimen132
\ttl@minus=\dimen133
\ttl@toksa=\toks37
\titlewidth=\dimen134
\titlewidthlast=\dimen135
\titlewidthfirst=\dimen136
)
(/usr/local/texlive/2018/texmf-dist/tex/latex/fancyhdr/fancyhdr.sty
Package: fancyhdr 2017/06/30 v3.9a Extensive control of page headers and footer
s
\f@nch@headwidth=\skip64
\f@nch@O@elh=\skip65
\f@nch@O@erh=\skip66
\f@nch@O@olh=\skip67
\f@nch@O@orh=\skip68
\f@nch@O@elf=\skip69
\f@nch@O@erf=\skip70
\f@nch@O@olf=\skip71
\f@nch@O@orf=\skip72
)
(/usr/local/texlive/2018/texmf-dist/tex/latex/lastpage/lastpage.sty
Package: lastpage 2015/03/29 v1.2m Refers to last page's name (HMM; JPG)
)
(/usr/local/texlive/2018/texmf-dist/tex/latex/caption/caption.sty
Package: caption 2016/02/21 v3.3-144 Customizing captions (AR)

(/usr/local/texlive/2018/texmf-dist/tex/latex/caption/caption3.sty
Package: caption3 2016/05/22 v1.7-166 caption3 kernel (AR)
Package caption3 Info: TeX engine: e-TeX on input line 67.
\captionmargin=\dimen137
\captionmargin@=\dimen138
\captionwidth=\dimen139
\caption@tempdima=\dimen140
\caption@indent=\dimen141
\caption@parindent=\dimen142
\caption@hangindent=\dimen143
)
\c@ContinuedFloat=\count122
Package caption Info: float package is loaded.
Package caption Info: subfigure package is loaded.
)
(/usr/local/texlive/2018/texmf-dist/tex/latex/multirow/multirow.sty
Package: multirow 2016/11/25 v2.2 Span multiple rows of a table
\multirow@colwidth=\skip73
\multirow@cntb=\count123
\multirow@dima=\skip74
\bigstrutjot=\dimen144
)
(/usr/local/texlive/2018/texmf-dist/tex/latex/lm/lmodern.sty
Package: lmodern 2009/10/30 v1.6 Latin Modern Fonts
LaTeX Font Info:    Overwriting symbol font `operators' in version `normal'
(Font)                  OT1/cmr/m/n --> OT1/lmr/m/n on input line 22.
LaTeX Font Info:    Overwriting symbol font `letters' in version `normal'
(Font)                  OML/cmm/m/it --> OML/lmm/m/it on input line 23.
LaTeX Font Info:    Overwriting symbol font `symbols' in version `normal'
(Font)                  OMS/cmsy/m/n --> OMS/lmsy/m/n on input line 24.
LaTeX Font Info:    Overwriting symbol font `largesymbols' in version `normal'
(Font)                  OMX/cmex/m/n --> OMX/lmex/m/n on input line 25.
LaTeX Font Info:    Overwriting symbol font `operators' in version `bold'
(Font)                  OT1/cmr/bx/n --> OT1/lmr/bx/n on input line 26.
LaTeX Font Info:    Overwriting symbol font `letters' in version `bold'
(Font)                  OML/cmm/b/it --> OML/lmm/b/it on input line 27.
LaTeX Font Info:    Overwriting symbol font `symbols' in version `bold'
(Font)                  OMS/cmsy/b/n --> OMS/lmsy/b/n on input line 28.
LaTeX Font Info:    Overwriting symbol font `largesymbols' in version `bold'
(Font)                  OMX/cmex/m/n --> OMX/lmex/m/n on input line 29.
LaTeX Font Info:    Overwriting math alphabet `\mathbf' in version `normal'
(Font)                  OT1/cmr/bx/n --> OT1/lmr/bx/n on input line 31.
LaTeX Font Info:    Overwriting math alphabet `\mathsf' in version `normal'
(Font)                  OT1/cmss/m/n --> OT1/lmss/m/n on input line 32.
LaTeX Font Info:    Overwriting math alphabet `\mathit' in version `normal'
(Font)                  OT1/cmr/m/it --> OT1/lmr/m/it on input line 33.
LaTeX Font Info:    Overwriting math alphabet `\mathtt' in version `normal'
(Font)                  OT1/cmtt/m/n --> OT1/lmtt/m/n on input line 34.
LaTeX Font Info:    Overwriting math alphabet `\mathbf' in version `bold'
(Font)                  OT1/cmr/bx/n --> OT1/lmr/bx/n on input line 35.
LaTeX Font Info:    Overwriting math alphabet `\mathsf' in version `bold'
(Font)                  OT1/cmss/bx/n --> OT1/lmss/bx/n on input line 36.
LaTeX Font Info:    Overwriting math alphabet `\mathit' in version `bold'
(Font)                  OT1/cmr/bx/it --> OT1/lmr/bx/it on input line 37.
LaTeX Font Info:    Overwriting math alphabet `\mathtt' in version `bold'
(Font)                  OT1/cmtt/m/n --> OT1/lmtt/m/n on input line 38.
)
(/usr/local/texlive/2018/texmf-dist/tex/latex/url/url.sty
\Urlmuskip=\muskip11
Package: url 2013/09/16  ver 3.4  Verb mode for urls, etc.
)
(/usr/local/texlive/2018/texmf-dist/tex/latex/siunitx/siunitx.sty
(/usr/local/texlive/2018/texmf-dist/tex/latex/l3kernel/expl3.sty
Package: expl3 2018/03/05 L3 programming layer (loader) 

(/usr/local/texlive/2018/texmf-dist/tex/latex/l3kernel/expl3-code.tex
Package: expl3 2018/03/05 L3 programming layer (code)
\c_max_int=\count124
\l_tmpa_int=\count125
\l_tmpb_int=\count126
\g_tmpa_int=\count127
\g_tmpb_int=\count128
\g__intarray_font_int=\count129
\g__prg_map_int=\count130
\c_log_iow=\count131
\l_iow_line_count_int=\count132
\l__iow_line_target_int=\count133
\l__iow_one_indent_int=\count134
\l__iow_indent_int=\count135
\c_zero_dim=\dimen145
\c_max_dim=\dimen146
\l_tmpa_dim=\dimen147
\l_tmpb_dim=\dimen148
\g_tmpa_dim=\dimen149
\g_tmpb_dim=\dimen150
\c_zero_skip=\skip75
\c_max_skip=\skip76
\l_tmpa_skip=\skip77
\l_tmpb_skip=\skip78
\g_tmpa_skip=\skip79
\g_tmpb_skip=\skip80
\c_zero_muskip=\muskip12
\c_max_muskip=\muskip13
\l_tmpa_muskip=\muskip14
\l_tmpb_muskip=\muskip15
\g_tmpa_muskip=\muskip16
\g_tmpb_muskip=\muskip17
\l_keys_choice_int=\count136
\c__fp_leading_shift_int=\count137
\c__fp_middle_shift_int=\count138
\c__fp_trailing_shift_int=\count139
\c__fp_big_leading_shift_int=\count140
\c__fp_big_middle_shift_int=\count141
\c__fp_big_trailing_shift_int=\count142
\c__fp_Bigg_leading_shift_int=\count143
\c__fp_Bigg_middle_shift_int=\count144
\c__fp_Bigg_trailing_shift_int=\count145
\c__fp_rand_size_int=\count146
\c__fp_rand_four_int=\count147
\c__fp_rand_eight_int=\count148
\l__sort_length_int=\count149
\l__sort_min_int=\count150
\l__sort_top_int=\count151
\l__sort_max_int=\count152
\l__sort_true_max_int=\count153
\l__sort_block_int=\count154
\l__sort_begin_int=\count155
\l__sort_end_int=\count156
\l__sort_A_int=\count157
\l__sort_B_int=\count158
\l__sort_C_int=\count159
\l__tl_build_start_index_int=\count160
\l__tl_build_index_int=\count161
\l__tl_analysis_normal_int=\count162
\l__tl_analysis_index_int=\count163
\l__tl_analysis_nesting_int=\count164
\l__tl_analysis_type_int=\count165
\l__regex_internal_a_int=\count166
\l__regex_internal_b_int=\count167
\l__regex_internal_c_int=\count168
\l__regex_balance_int=\count169
\l__regex_group_level_int=\count170
\l__regex_mode_int=\count171
\c__regex_cs_in_class_mode_int=\count172
\c__regex_cs_mode_int=\count173
\l__regex_catcodes_int=\count174
\l__regex_default_catcodes_int=\count175
\c__regex_catcode_D_int=\count176
\c__regex_catcode_S_int=\count177
\c__regex_catcode_L_int=\count178
\c__regex_catcode_O_int=\count179
\c__regex_catcode_A_int=\count180
\c__regex_all_catcodes_int=\count181
\l__regex_show_lines_int=\count182
\l__regex_min_state_int=\count183
\l__regex_max_state_int=\count184
\l__regex_left_state_int=\count185
\l__regex_right_state_int=\count186
\l__regex_capturing_group_int=\count187
\l__regex_min_pos_int=\count188
\l__regex_max_pos_int=\count189
\l__regex_curr_pos_int=\count190
\l__regex_start_pos_int=\count191
\l__regex_success_pos_int=\count192
\l__regex_curr_char_int=\count193
\l__regex_curr_catcode_int=\count194
\l__regex_last_char_int=\count195
\l__regex_case_changed_char_int=\count196
\l__regex_curr_state_int=\count197
\l__regex_step_int=\count198
\l__regex_min_active_int=\count199
\l__regex_max_active_int=\count266
\l__regex_replacement_csnames_int=\count267
\l__regex_match_count_int=\count268
\l__regex_min_submatch_int=\count269
\l__regex_submatch_int=\count270
\l__regex_zeroth_submatch_int=\count271
\g__regex_trace_regex_int=\count272
\c_empty_box=\box37
\l_tmpa_box=\box38
\l_tmpb_box=\box39
\g_tmpa_box=\box40
\g_tmpb_box=\box41
\l__box_top_dim=\dimen151
\l__box_bottom_dim=\dimen152
\l__box_left_dim=\dimen153
\l__box_right_dim=\dimen154
\l__box_top_new_dim=\dimen155
\l__box_bottom_new_dim=\dimen156
\l__box_left_new_dim=\dimen157
\l__box_right_new_dim=\dimen158
\l__box_internal_box=\box42
\l__coffin_internal_box=\box43
\l__coffin_internal_dim=\dimen159
\l__coffin_offset_x_dim=\dimen160
\l__coffin_offset_y_dim=\dimen161
\l__coffin_x_dim=\dimen162
\l__coffin_y_dim=\dimen163
\l__coffin_x_prime_dim=\dimen164
\l__coffin_y_prime_dim=\dimen165
\c_empty_coffin=\box44
\l__coffin_aligned_coffin=\box45
\l__coffin_aligned_internal_coffin=\box46
\l_tmpa_coffin=\box47
\l_tmpb_coffin=\box48
\l__coffin_display_coffin=\box49
\l__coffin_display_coord_coffin=\box50
\l__coffin_display_pole_coffin=\box51
\l__coffin_display_offset_dim=\dimen166
\l__coffin_display_x_dim=\dimen167
\l__coffin_display_y_dim=\dimen168
\l__coffin_bounding_shift_dim=\dimen169
\l__coffin_left_corner_dim=\dimen170
\l__coffin_right_corner_dim=\dimen171
\l__coffin_bottom_corner_dim=\dimen172
\l__coffin_top_corner_dim=\dimen173
\l__coffin_scaled_total_height_dim=\dimen174
\l__coffin_scaled_width_dim=\dimen175
)
(/usr/local/texlive/2018/texmf-dist/tex/latex/l3kernel/l3pdfmode.def
File: l3pdfmode.def 2017/03/18 v L3 Experimental driver: PDF mode
\l__driver_color_stack_int=\count273
))
(/usr/local/texlive/2018/texmf-dist/tex/latex/l3packages/xparse/xparse.sty
Package: xparse 2018/02/21 L3 Experimental document command parser
\l__xparse_current_arg_int=\count274
\g__xparse_grabber_int=\count275
\l__xparse_m_args_int=\count276
\l__xparse_mandatory_args_int=\count277
\l__xparse_v_nesting_int=\count278
)
Package: siunitx 2018-03-20 v2.7m A comprehensive (SI) units package

(/usr/local/texlive/2018/texmf-dist/tex/latex/l3packages/l3keys2e/l3keys2e.sty
Package: l3keys2e 2018/02/21 LaTeX2e option processing using LaTeX3 keys
)
\l__siunitx_tmp_box=\box52
\l__siunitx_tmp_dim=\dimen176
\l__siunitx_tmp_int=\count279
\l__siunitx_number_mantissa_length_int=\count280
\l__siunitx_number_uncert_length_int=\count281
\l__siunitx_round_int=\count282
\l__siunitx_process_decimal_int=\count283
\l__siunitx_process_uncertainty_int=\count284
\l__siunitx_process_fixed_int=\count285
\l__siunitx_process_integer_min_int=\count286
\l__siunitx_process_precision_int=\count287
\l__siunitx_group_min_int=\count288
\l__siunitx_angle_marker_box=\box53
\l__siunitx_angle_unit_box=\box54
\l__siunitx_angle_marker_dim=\dimen177
\l__siunitx_angle_unit_dim=\dimen178
\l__siunitx_unit_int=\count289
\l__siunitx_unit_denominator_int=\count290
\l__siunitx_unit_numerator_int=\count291
\l__siunitx_unit_prefix_int=\count292
\l__siunitx_unit_prefix_base_int=\count293
\l__siunitx_unit_prefix_gram_int=\count294
\l__siunitx_number_product_int=\count295
\c__siunitx_one_fill_skip=\skip81
\l__siunitx_table_unit_align_skip=\skip82
\l__siunitx_table_exponent_dim=\dimen179
\l__siunitx_table_integer_dim=\dimen180
\l__siunitx_table_mantissa_dim=\dimen181
\l__siunitx_table_marker_dim=\dimen182
\l__siunitx_table_result_dim=\dimen183
\l__siunitx_table_uncert_dim=\dimen184
\l__siunitx_table_fill_pre_dim=\dimen185
\l__siunitx_table_fill_post_dim=\dimen186
\l__siunitx_table_fill_mid_dim=\dimen187
\l__siunitx_table_pre_box=\box55
\l__siunitx_table_post_box=\box56
\l__siunitx_table_mantissa_box=\box57
\l__siunitx_table_result_box=\box58
\l__siunitx_table_number_align_skip=\skip83
\l__siunitx_table_text_align_skip=\skip84
.................................................
. LaTeX info: "xparse/define-command"
. 
. Defining command \DeclareBinaryPrefix with sig. 'mmm' on line 7244.
.................................................
.................................................
. LaTeX info: "xparse/define-command"
. 
. Defining command \DeclareSIPostPower with sig. 'mm' on line 7247.
.................................................
.................................................
. LaTeX info: "xparse/define-command"
. 
. Defining command \DeclareSIPrefix with sig. 'mmm' on line 7250.
.................................................
.................................................
. LaTeX info: "xparse/define-command"
. 
. Defining command \DeclareSIPrePower with sig. 'mm' on line 7253.
.................................................
.................................................
. LaTeX info: "xparse/define-command"
. 
. Defining command \DeclareSIQualifier with sig. 'mm' on line 7256.
.................................................
.................................................
. LaTeX info: "xparse/define-command"
. 
. Defining command \DeclareSIUnit with sig. 'O{}mm' on line 7259.
.................................................
.................................................
. LaTeX info: "xparse/define-command"
. 
. Defining command \DeclareSIUnitWithOptions with sig. 'mmm' on line 7262.
.................................................
.................................................
. LaTeX info: "xparse/define-command"
. 
. Defining command \ang with sig. 'o>{\SplitArgument {2}{;}}m' on line 7277.
.................................................
.................................................
. LaTeX info: "xparse/define-command"
. 
. Defining command \num with sig. 'om' on line 7286.
.................................................
.................................................
. LaTeX info: "xparse/define-command"
. 
. Defining command \numlist with sig. 'o>{\SplitList {;}}m' on line 7295.
.................................................
.................................................
. LaTeX info: "xparse/define-command"
. 
. Defining command \numrange with sig. 'omm' on line 7304.
.................................................
.................................................
. LaTeX info: "xparse/define-command"
. 
. Defining command \SIlist with sig. 'o>{\SplitList {;}}mm' on line 7316.
.................................................
.................................................
. LaTeX info: "xparse/define-command"
. 
. Defining command \SIrange with sig. 'ommm' on line 7328.
.................................................
.................................................
. LaTeX info: "xparse/define-command"
. 
. Defining command \SI with sig. 'omom' on line 7340.
.................................................
.................................................
. LaTeX info: "xparse/define-command"
. 
. Defining command \sisetup with sig. 'm' on line 7343.
.................................................
.................................................
. LaTeX info: "xparse/define-command"
. 
. Defining command \tablenum with sig. 'om' on line 7358.
.................................................
.................................................
. LaTeX info: "xparse/define-command"
. 
. Defining command \si with sig. 'om' on line 7370.
.................................................
.................................................
. LaTeX info: "xparse/define-command"
. 
. Defining command \numInBookmark with sig. 'om' on line 7417.
.................................................
.................................................
. LaTeX info: "xparse/define-command"
. 
. Defining command \numrangeInBookmark with sig. 'omm' on line 7419.
.................................................
.................................................
. LaTeX info: "xparse/define-command"
. 
. Defining command \SIInBookmark with sig. 'omom' on line 7421.
.................................................
.................................................
. LaTeX info: "xparse/define-command"
. 
. Defining command \SIlistInBookmark with sig. 'omm' on line 7423.
.................................................
.................................................
. LaTeX info: "xparse/define-command"
. 
. Defining command \SIrangeInBookmark with sig. 'ommm' on line 7425.
.................................................
.................................................
. LaTeX info: "xparse/define-command"
. 
. Defining command \siInBookmark with sig. 'om' on line 7426.
.................................................
\g__file_internal_ior=\read1
(/usr/local/texlive/2018/texmf-dist/tex/latex/translator/translator.sty
Package: translator 2018/01/04 v1.12 Easy translation of strings in LaTeX
))
(/usr/local/texlive/2018/texmf-dist/tex/latex/biblatex/biblatex.sty
Package: biblatex 2018/03/04 v3.11 programmable bibliographies (PK/MW)

(/usr/local/texlive/2018/texmf-dist/tex/generic/oberdiek/pdftexcmds.sty
Package: pdftexcmds 2018/01/30 v0.27 Utility functions of pdfTeX for LuaTeX (HO
)

(/usr/local/texlive/2018/texmf-dist/tex/generic/oberdiek/ifluatex.sty
Package: ifluatex 2016/05/16 v1.4 Provides the ifluatex switch (HO)
Package ifluatex Info: LuaTeX not detected.
)
Package pdftexcmds Info: LuaTeX not detected.
Package pdftexcmds Info: \pdf@primitive is available.
Package pdftexcmds Info: \pdf@ifprimitive is available.
Package pdftexcmds Info: \pdfdraftmode found.
)
(/usr/local/texlive/2018/texmf-dist/tex/latex/etoolbox/etoolbox.sty
Package: etoolbox 2018/02/11 v2.5e e-TeX tools for LaTeX (JAW)
\etb@tempcnta=\count296
)
(/usr/local/texlive/2018/texmf-dist/tex/latex/oberdiek/kvoptions.sty
Package: kvoptions 2016/05/16 v3.12 Key value format for package options (HO)

(/usr/local/texlive/2018/texmf-dist/tex/generic/oberdiek/kvsetkeys.sty
Package: kvsetkeys 2016/05/16 v1.17 Key value parser (HO)

(/usr/local/texlive/2018/texmf-dist/tex/generic/oberdiek/etexcmds.sty
Package: etexcmds 2016/05/16 v1.6 Avoid name clashes with e-TeX commands (HO)
Package etexcmds Info: Could not find \expanded.
(etexcmds)             That can mean that you are not using pdfTeX 1.50 or
(etexcmds)             that some package has redefined \expanded.
(etexcmds)             In the latter case, load this package earlier.
)))
(/usr/local/texlive/2018/texmf-dist/tex/latex/logreq/logreq.sty
Package: logreq 2010/08/04 v1.0 xml request logger
\lrq@indent=\count297

(/usr/local/texlive/2018/texmf-dist/tex/latex/logreq/logreq.def
File: logreq.def 2010/08/04 v1.0 logreq spec v1.0
))
\c@tabx@nest=\count298
\c@listtotal=\count299
\c@listcount=\count300
\c@liststart=\count301
\c@liststop=\count302
\c@citecount=\count303
\c@citetotal=\count304
\c@multicitecount=\count305
\c@multicitetotal=\count306
\c@instcount=\count307
\c@maxnames=\count308
\c@minnames=\count309
\c@maxitems=\count310
\c@minitems=\count311
\c@citecounter=\count312
\c@savedcitecounter=\count313
\c@uniquelist=\count314
\c@uniquename=\count315
\c@refsection=\count316
\c@refsegment=\count317
\c@maxextratitle=\count318
\c@maxextratitleyear=\count319
\c@maxextradate=\count320
\c@maxextraalpha=\count321
\c@abbrvpenalty=\count322
\c@highnamepenalty=\count323
\c@lownamepenalty=\count324
\c@maxparens=\count325
\c@parenlevel=\count326
\blx@tempcnta=\count327
\blx@tempcntb=\count328
\blx@tempcntc=\count329
\blx@maxsection=\count330
\blx@maxsegment@0=\count331
\blx@notetype=\count332
\blx@parenlevel@text=\count333
\blx@parenlevel@foot=\count334
\blx@sectionciteorder@0=\count335
\labelnumberwidth=\skip85
\labelalphawidth=\skip86
\biblabelsep=\skip87
\bibitemsep=\skip88
\bibnamesep=\skip89
\bibinitsep=\skip90
\bibparsep=\skip91
\bibhang=\skip92
\blx@bcfin=\read2
\blx@bcfout=\write4
\c@mincomprange=\count336
\c@maxcomprange=\count337
\c@mincompwidth=\count338
Package biblatex Info: Trying to load biblatex default data model...
Package biblatex Info: ... file 'blx-dm.def' found.

(/usr/local/texlive/2018/texmf-dist/tex/latex/biblatex/blx-dm.def
File: blx-dm.def 2018/03/04 v3.11 biblatex localization (PK/MW)
)
Package biblatex Info: Trying to load biblatex style data model...
Package biblatex Info: ... file 'ieee.dbx' not found.
Package biblatex Info: Trying to load biblatex custom data model...
Package biblatex Info: ... file 'biblatex-dm.cfg' not found.
\c@afterword=\count339
\c@savedafterword=\count340
\c@annotator=\count341
\c@savedannotator=\count342
\c@author=\count343
\c@savedauthor=\count344
\c@bookauthor=\count345
\c@savedbookauthor=\count346
\c@commentator=\count347
\c@savedcommentator=\count348
\c@editor=\count349
\c@savededitor=\count350
\c@editora=\count351
\c@savededitora=\count352
\c@editorb=\count353
\c@savededitorb=\count354
\c@editorc=\count355
\c@savededitorc=\count356
\c@foreword=\count357
\c@savedforeword=\count358
\c@holder=\count359
\c@savedholder=\count360
\c@introduction=\count361
\c@savedintroduction=\count362
\c@namea=\count363
\c@savednamea=\count364
\c@nameb=\count365
\c@savednameb=\count366
\c@namec=\count367
\c@savednamec=\count368
\c@translator=\count369
\c@savedtranslator=\count370
\c@shortauthor=\count371
\c@savedshortauthor=\count372
\c@shorteditor=\count373
\c@savedshorteditor=\count374
\c@labelname=\count375
\c@savedlabelname=\count376
\c@institution=\count377
\c@savedinstitution=\count378
\c@lista=\count379
\c@savedlista=\count380
\c@listb=\count381
\c@savedlistb=\count382
\c@listc=\count383
\c@savedlistc=\count384
\c@listd=\count385
\c@savedlistd=\count386
\c@liste=\count387
\c@savedliste=\count388
\c@listf=\count389
\c@savedlistf=\count390
\c@location=\count391
\c@savedlocation=\count392
\c@organization=\count393
\c@savedorganization=\count394
\c@origlocation=\count395
\c@savedoriglocation=\count396
\c@origpublisher=\count397
\c@savedorigpublisher=\count398
\c@publisher=\count399
\c@savedpublisher=\count400
\c@language=\count401
\c@savedlanguage=\count402
\c@origlanguage=\count403
\c@savedoriglanguage=\count404
\c@pageref=\count405
\c@savedpageref=\count406
\shorthandwidth=\skip93
\shortjournalwidth=\skip94
\shortserieswidth=\skip95
\shorttitlewidth=\skip96
\shortauthorwidth=\skip97
\shorteditorwidth=\skip98
\locallabelnumberwidth=\skip99
\locallabelalphawidth=\skip100
\localshorthandwidth=\skip101
\localshortjournalwidth=\skip102
\localshortserieswidth=\skip103
\localshorttitlewidth=\skip104
\localshortauthorwidth=\skip105
\localshorteditorwidth=\skip106
Package biblatex Info: Trying to load compatibility code...
Package biblatex Info: ... file 'blx-compat.def' found.

(/usr/local/texlive/2018/texmf-dist/tex/latex/biblatex/blx-compat.def
File: blx-compat.def 2018/03/04 v3.11 biblatex compatibility (PK/MW)
)
Package biblatex Info: Trying to load generic definitions...
Package biblatex Info: ... file 'biblatex.def' found.

(/usr/local/texlive/2018/texmf-dist/tex/latex/biblatex/biblatex.def
File: biblatex.def 2018/03/04 v3.11 biblatex compatibility (PK/MW)
\c@textcitecount=\count407
\c@textcitetotal=\count408
\c@textcitemaxnames=\count409
\c@biburlnumpenalty=\count410
\c@biburlucpenalty=\count411
\c@biburllcpenalty=\count412
\c@smartand=\count413
)
Package biblatex Info: Trying to load bibliography style 'ieee'...
Package biblatex Info: ... file 'ieee.bbx' found.

(/usr/local/texlive/2018/texmf-dist/tex/latex/biblatex-ieee/ieee.bbx
File: ieee.bbx 2017/03/27 v1.2d biblatex bibliography style
Package biblatex Info: Trying to load bibliography style 'numeric-comp'...
Package biblatex Info: ... file 'numeric-comp.bbx' found.

(/usr/local/texlive/2018/texmf-dist/tex/latex/biblatex/bbx/numeric-comp.bbx
File: numeric-comp.bbx 2018/03/04 v3.11 biblatex bibliography style (PK/MW)
Package biblatex Info: Trying to load bibliography style 'numeric'...
Package biblatex Info: ... file 'numeric.bbx' found.

(/usr/local/texlive/2018/texmf-dist/tex/latex/biblatex/bbx/numeric.bbx
File: numeric.bbx 2018/03/04 v3.11 biblatex bibliography style (PK/MW)
Package biblatex Info: Trying to load bibliography style 'standard'...
Package biblatex Info: ... file 'standard.bbx' found.

(/usr/local/texlive/2018/texmf-dist/tex/latex/biblatex/bbx/standard.bbx
File: standard.bbx 2018/03/04 v3.11 biblatex bibliography style (PK/MW)
\c@bbx:relatedcount=\count414
\c@bbx:relatedtotal=\count415
))))
Package biblatex Info: Trying to load citation style 'ieee'...
Package biblatex Info: ... file 'ieee.cbx' found.

(/usr/local/texlive/2018/texmf-dist/tex/latex/biblatex-ieee/ieee.cbx
File: ieee.cbx 2017/03/27 v1.2d biblatex citation style
Package biblatex Info: Trying to load citation style 'numeric-comp'...
Package biblatex Info: ... file 'numeric-comp.cbx' found.

(/usr/local/texlive/2018/texmf-dist/tex/latex/biblatex/cbx/numeric-comp.cbx
File: numeric-comp.cbx 2018/03/04 v3.11 biblatex citation style (PK/MW)
\c@cbx@tempcnta=\count416
\c@cbx@tempcntb=\count417
Package biblatex Info: Redefining '\cite'.
Package biblatex Info: Redefining '\parencite'.
Package biblatex Info: Redefining '\footcite'.
Package biblatex Info: Redefining '\footcitetext'.
Package biblatex Info: Redefining '\smartcite'.
Package biblatex Info: Redefining '\supercite'.
Package biblatex Info: Redefining '\textcite'.
Package biblatex Info: Redefining '\textcites'.
Package biblatex Info: Redefining '\cites'.
Package biblatex Info: Redefining '\parencites'.
Package biblatex Info: Redefining '\smartcites'.
)
Package biblatex Info: Redefining '\cite'.
Package biblatex Info: Redefining '\cites'.
)
Package biblatex Info: Trying to load configuration file...
Package biblatex Info: ... file 'biblatex.cfg' found.

(/usr/local/texlive/2018/texmf-dist/tex/latex/biblatex/biblatex.cfg
File: biblatex.cfg 
))
(/usr/local/texlive/2018/texmf-dist/tex/latex/hyperref/hyperref.sty
Package: hyperref 2018/02/06 v6.86b Hypertext links for LaTeX

(/usr/local/texlive/2018/texmf-dist/tex/generic/oberdiek/hobsub-hyperref.sty
Package: hobsub-hyperref 2016/05/16 v1.14 Bundle oberdiek, subset hyperref (HO)


(/usr/local/texlive/2018/texmf-dist/tex/generic/oberdiek/hobsub-generic.sty
Package: hobsub-generic 2016/05/16 v1.14 Bundle oberdiek, subset generic (HO)
Package: hobsub 2016/05/16 v1.14 Construct package bundles (HO)
Package hobsub Info: Skipping package `infwarerr' (already loaded).
Package hobsub Info: Skipping package `ltxcmds' (already loaded).
Package hobsub Info: Skipping package `ifluatex' (already loaded).
Package hobsub Info: Skipping package `ifvtex' (already loaded).
Package: intcalc 2016/05/16 v1.2 Expandable calculations with integers (HO)
Package hobsub Info: Skipping package `ifpdf' (already loaded).
Package hobsub Info: Skipping package `etexcmds' (already loaded).
Package hobsub Info: Skipping package `kvsetkeys' (already loaded).
Package: kvdefinekeys 2016/05/16 v1.4 Define keys (HO)
Package hobsub Info: Skipping package `pdftexcmds' (already loaded).
Package: pdfescape 2016/05/16 v1.14 Implements pdfTeX's escape features (HO)
Package: bigintcalc 2016/05/16 v1.4 Expandable calculations on big integers (HO
)
Package: bitset 2016/05/16 v1.2 Handle bit-vector datatype (HO)
Package: uniquecounter 2016/05/16 v1.3 Provide unlimited unique counter (HO)
)
Package hobsub Info: Skipping package `hobsub' (already loaded).
Package: letltxmacro 2016/05/16 v1.5 Let assignment for LaTeX macros (HO)
Package: hopatch 2016/05/16 v1.3 Wrapper for package hooks (HO)
Package: xcolor-patch 2016/05/16 xcolor patch
Package: atveryend 2016/05/16 v1.9 Hooks at the very end of document (HO)
Package hobsub Info: Skipping package `atbegshi' (already loaded).
Package: refcount 2016/05/16 v3.5 Data extraction from label references (HO)
Package: hycolor 2016/05/16 v1.8 Color options for hyperref/bookmark (HO)
)
(/usr/local/texlive/2018/texmf-dist/tex/latex/oberdiek/auxhook.sty
Package: auxhook 2016/05/16 v1.4 Hooks for auxiliary files (HO)
)
\@linkdim=\dimen188
\Hy@linkcounter=\count418
\Hy@pagecounter=\count419

(/usr/local/texlive/2018/texmf-dist/tex/latex/hyperref/pd1enc.def
File: pd1enc.def 2018/02/06 v6.86b Hyperref: PDFDocEncoding definition (HO)
Now handling font encoding PD1 ...
... no UTF-8 mapping file for font encoding PD1
)
\Hy@SavedSpaceFactor=\count420

(/usr/local/texlive/2018/texmf-dist/tex/latex/latexconfig/hyperref.cfg
File: hyperref.cfg 2002/06/06 v1.2 hyperref configuration of TeXLive
)
Package hyperref Info: Hyper figures OFF on input line 4509.
Package hyperref Info: Link nesting OFF on input line 4514.
Package hyperref Info: Hyper index ON on input line 4517.
Package hyperref Info: Plain pages OFF on input line 4524.
Package hyperref Info: Backreferencing OFF on input line 4529.
Package hyperref Info: Implicit mode ON; LaTeX internals redefined.
Package hyperref Info: Bookmarks ON on input line 4762.
\c@Hy@tempcnt=\count421
LaTeX Info: Redefining \url on input line 5115.
\XeTeXLinkMargin=\dimen189
\Fld@menulength=\count422
\Field@Width=\dimen190
\Fld@charsize=\dimen191
Package hyperref Info: Hyper figures OFF on input line 6369.
Package hyperref Info: Link nesting OFF on input line 6374.
Package hyperref Info: Hyper index ON on input line 6377.
Package hyperref Info: backreferencing OFF on input line 6384.
Package hyperref Info: Link coloring OFF on input line 6389.
Package hyperref Info: Link coloring with OCG OFF on input line 6394.
Package hyperref Info: PDF/A mode OFF on input line 6399.
LaTeX Info: Redefining \ref on input line 6439.
LaTeX Info: Redefining \pageref on input line 6443.
\Hy@abspage=\count423
\c@Item=\count424
\c@Hfootnote=\count425
)
Package hyperref Info: Driver (autodetected): hpdftex.

(/usr/local/texlive/2018/texmf-dist/tex/latex/hyperref/hpdftex.def
File: hpdftex.def 2018/02/06 v6.86b Hyperref driver for pdfTeX
\Fld@listcount=\count426
\c@bookmark@seq@number=\count427

(/usr/local/texlive/2018/texmf-dist/tex/latex/oberdiek/rerunfilecheck.sty
Package: rerunfilecheck 2016/05/16 v1.8 Rerun checks for auxiliary files (HO)
Package uniquecounter Info: New unique counter `rerunfilecheck' on input line 2
82.
)
\Hy@SectionHShift=\skip107
)
(/usr/local/texlive/2018/texmf-dist/tex/latex/listings/listings.sty
\lst@mode=\count428
\lst@gtempboxa=\box59
\lst@token=\toks38
\lst@length=\count429
\lst@currlwidth=\dimen192
\lst@column=\count430
\lst@pos=\count431
\lst@lostspace=\dimen193
\lst@width=\dimen194
\lst@newlines=\count432
\lst@lineno=\count433
\lst@maxwidth=\dimen195

(/usr/local/texlive/2018/texmf-dist/tex/latex/listings/lstmisc.sty
File: lstmisc.sty 2015/06/04 1.6 (Carsten Heinz)
\c@lstnumber=\count434
\lst@skipnumbers=\count435
\lst@framebox=\box60
)
(/usr/local/texlive/2018/texmf-dist/tex/latex/listings/listings.cfg
File: listings.cfg 2015/06/04 1.6 listings configuration
))
Package: listings 2015/06/04 1.6 (Carsten Heinz)

(/usr/local/texlive/2018/texmf-dist/tex/latex/was/gensymb.sty
Package: gensymb 2003/07/02 v1.0 (WaS)
)
Package biblatex Info: Trying to load language 'english'...
Package biblatex Info: ... file 'english.lbx' found.

(/usr/local/texlive/2018/texmf-dist/tex/latex/biblatex/lbx/english.lbx
File: english.lbx 2018/03/04 v3.11 biblatex localization (PK/MW)
)

Package biblatex Warning: 'babel/polyglossia' detected but 'csquotes' missing.
(biblatex)                Loading 'csquotes' recommended.

\@quotelevel=\count436
\@quotereset=\count437
(./TFG_Jacqueline.aux)
\openout1 = `TFG_Jacqueline.aux'.

LaTeX Font Info:    Checking defaults for OML/cmm/m/it on input line 157.
LaTeX Font Info:    ... okay on input line 157.
LaTeX Font Info:    Checking defaults for T1/cmr/m/n on input line 157.
LaTeX Font Info:    ... okay on input line 157.
LaTeX Font Info:    Checking defaults for OT1/cmr/m/n on input line 157.
LaTeX Font Info:    ... okay on input line 157.
LaTeX Font Info:    Checking defaults for OMS/cmsy/m/n on input line 157.
LaTeX Font Info:    ... okay on input line 157.
LaTeX Font Info:    Checking defaults for OMX/cmex/m/n on input line 157.
LaTeX Font Info:    ... okay on input line 157.
LaTeX Font Info:    Checking defaults for U/cmr/m/n on input line 157.
LaTeX Font Info:    ... okay on input line 157.
LaTeX Font Info:    Checking defaults for PD1/pdf/m/n on input line 157.
LaTeX Font Info:    ... okay on input line 157.
LaTeX Font Info:    Try loading font information for OT1+lmr on input line 157.


(/usr/local/texlive/2018/texmf-dist/tex/latex/lm/ot1lmr.fd
File: ot1lmr.fd 2009/10/30 v1.6 Font defs for Latin Modern
)
*geometry* driver: auto-detecting
*geometry* detected driver: pdftex
*geometry* verbose mode - [ preamble ] result:
* driver: pdftex
* paper: a4paper
* layout: <same size as paper>
* layoutoffset:(h,v)=(0.0pt,0.0pt)
* modes: twoside 
* h-part:(L,W,R)=(85.35826pt, 441.01773pt, 71.13188pt)
* v-part:(T,H,B)=(85.35826pt, 688.5567pt, 71.13188pt)
* \paperwidth=597.50787pt
* \paperheight=845.04684pt
* \textwidth=441.01773pt
* \textheight=688.5567pt
* \oddsidemargin=13.08827pt
* \evensidemargin=-1.1381pt
* \topmargin=-18.78552pt
* \headheight=30.0pt
* \headsep=20.0pt
* \topskip=12.0pt
* \footskip=35.0pt
* \marginparwidth=88.0pt
* \marginparsep=7.0pt
* \columnsep=10.0pt
* \skip\footins=10.8pt plus 4.0pt minus 2.0pt
* \hoffset=0.0pt
* \voffset=0.0pt
* \mag=1000
* \@twocolumnfalse
* \@twosidetrue
* \@mparswitchtrue
* \@reversemarginfalse
* (1in=72.27pt=25.4mm, 1cm=28.453pt)

(/usr/local/texlive/2018/texmf-dist/tex/context/base/mkii/supp-pdf.mkii
[Loading MPS to PDF converter (version 2006.09.02).]
\scratchcounter=\count438
\scratchdimen=\dimen196
\scratchbox=\box61
\nofMPsegments=\count439
\nofMParguments=\count440
\everyMPshowfont=\toks39
\MPscratchCnt=\count441
\MPscratchDim=\dimen197
\MPnumerator=\count442
\makeMPintoPDFobject=\count443
\everyMPtoPDFconversion=\toks40
) (/usr/local/texlive/2018/texmf-dist/tex/latex/oberdiek/epstopdf-base.sty
Package: epstopdf-base 2016/05/15 v2.6 Base part for package epstopdf

(/usr/local/texlive/2018/texmf-dist/tex/latex/oberdiek/grfext.sty
Package: grfext 2016/05/16 v1.2 Manage graphics extensions (HO)
)
Package epstopdf-base Info: Redefining graphics rule for `.eps' on input line 4
38.
Package grfext Info: Graphics extension search list:
(grfext)             [.pdf,.png,.jpg,.mps,.jpeg,.jbig2,.jb2,.PDF,.PNG,.JPG,.JPE
G,.JBIG2,.JB2,.eps]
(grfext)             \AppendGraphicsExtensions on input line 456.

(/usr/local/texlive/2018/texmf-dist/tex/latex/latexconfig/epstopdf-sys.cfg
File: epstopdf-sys.cfg 2010/07/13 v1.3 Configuration of (r)epstopdf for TeX Liv
e
))
\AtBeginShipoutBox=\box62

(/usr/local/texlive/2018/texmf-dist/tex/latex/oberdiek/pdflscape.sty
Package: pdflscape 2016/05/14 v0.11 Display of landscape pages in PDF (HO)

(/usr/local/texlive/2018/texmf-dist/tex/latex/graphics/lscape.sty
Package: lscape 2000/10/22 v3.01 Landscape Pages (DPC)
)
Package pdflscape Info: Auto-detected driver: pdftex on input line 81.
)
Package lastpage Info: Please have a look at the pageslts package at
(lastpage)             https://www.ctan.org/pkg/pageslts
(lastpage)             ! on input line 157.
Package caption Info: Begin \AtBeginDocument code.
Package caption Info: hyperref package is loaded.
Package caption Info: listings package is loaded.
Package caption Info: End \AtBeginDocument code.
Now handling font encoding TS1 ...
... processing UTF-8 mapping file for font encoding TS1

(/usr/local/texlive/2018/texmf-dist/tex/latex/base/ts1enc.dfu
File: ts1enc.dfu 2018/04/05 v1.2c UTF-8 support for inputenc
   defining Unicode char U+00A2 (decimal 162)
   defining Unicode char U+00A3 (decimal 163)
   defining Unicode char U+00A4 (decimal 164)
   defining Unicode char U+00A5 (decimal 165)
   defining Unicode char U+00A6 (decimal 166)
   defining Unicode char U+00A7 (decimal 167)
   defining Unicode char U+00A8 (decimal 168)
   defining Unicode char U+00A9 (decimal 169)
   defining Unicode char U+00AA (decimal 170)
   defining Unicode char U+00AC (decimal 172)
   defining Unicode char U+00AE (decimal 174)
   defining Unicode char U+00AF (decimal 175)
   defining Unicode char U+00B0 (decimal 176)
   defining Unicode char U+00B1 (decimal 177)
   defining Unicode char U+00B2 (decimal 178)
   defining Unicode char U+00B3 (decimal 179)
   defining Unicode char U+00B4 (decimal 180)
   defining Unicode char U+00B5 (decimal 181)
   defining Unicode char U+00B6 (decimal 182)
   defining Unicode char U+00B7 (decimal 183)
   defining Unicode char U+00B9 (decimal 185)
   defining Unicode char U+00BA (decimal 186)
   defining Unicode char U+00BC (decimal 188)
   defining Unicode char U+00BD (decimal 189)
   defining Unicode char U+00BE (decimal 190)
   defining Unicode char U+00D7 (decimal 215)
   defining Unicode char U+00F7 (decimal 247)
   defining Unicode char U+0192 (decimal 402)
   defining Unicode char U+02C7 (decimal 711)
   defining Unicode char U+02D8 (decimal 728)
   defining Unicode char U+02DD (decimal 733)
   defining Unicode char U+0E3F (decimal 3647)
   defining Unicode char U+2016 (decimal 8214)
   defining Unicode char U+2020 (decimal 8224)
   defining Unicode char U+2021 (decimal 8225)
   defining Unicode char U+2022 (decimal 8226)
   defining Unicode char U+2030 (decimal 8240)
   defining Unicode char U+2031 (decimal 8241)
   defining Unicode char U+203B (decimal 8251)
   defining Unicode char U+203D (decimal 8253)
   defining Unicode char U+2044 (decimal 8260)
   defining Unicode char U+204E (decimal 8270)
   defining Unicode char U+2052 (decimal 8274)
   defining Unicode char U+20A1 (decimal 8353)
   defining Unicode char U+20A4 (decimal 8356)
   defining Unicode char U+20A6 (decimal 8358)
   defining Unicode char U+20A9 (decimal 8361)
   defining Unicode char U+20AB (decimal 8363)
   defining Unicode char U+20AC (decimal 8364)
   defining Unicode char U+20B1 (decimal 8369)
   defining Unicode char U+2103 (decimal 8451)
   defining Unicode char U+2116 (decimal 8470)
   defining Unicode char U+2117 (decimal 8471)
   defining Unicode char U+211E (decimal 8478)
   defining Unicode char U+2120 (decimal 8480)
   defining Unicode char U+2122 (decimal 8482)
   defining Unicode char U+2126 (decimal 8486)
   defining Unicode char U+2127 (decimal 8487)
   defining Unicode char U+212E (decimal 8494)
   defining Unicode char U+2190 (decimal 8592)
   defining Unicode char U+2191 (decimal 8593)
   defining Unicode char U+2192 (decimal 8594)
   defining Unicode char U+2193 (decimal 8595)
   defining Unicode char U+2329 (decimal 9001)
   defining Unicode char U+232A (decimal 9002)
   defining Unicode char U+2422 (decimal 9250)
   defining Unicode char U+25E6 (decimal 9702)
   defining Unicode char U+25EF (decimal 9711)
   defining Unicode char U+266A (decimal 9834)
   defining Unicode char U+FEFF (decimal 65279)
)
(/usr/local/texlive/2018/texmf-dist/tex/latex/translator/translator-basic-dicti
onary-English.dict
Dictionary: translator-basic-dictionary, Language: English 
)
(/usr/local/texlive/2018/texmf-dist/tex/latex/siunitx/siunitx-abbreviations.cfg
File: siunitx-abbreviations.cfg 2017/11/26 v2.7k siunitx: Abbreviated units
)
Package biblatex Info: Input encoding 'utf8' detected.
Package biblatex Info: Automatic encoding selection.
(biblatex)             Assuming data encoding 'utf8'.
\openout4 = `TFG_Jacqueline.bcf'.

Package biblatex Info: Trying to load bibliographic data...
Package biblatex Info: ... file 'TFG_Jacqueline.bbl' found.
 (./TFG_Jacqueline.bbl)
Package biblatex Info: Reference section=0 on input line 157.
Package biblatex Info: Reference segment=0 on input line 157.
Package hyperref Info: Link coloring OFF on input line 157.

(/usr/local/texlive/2018/texmf-dist/tex/latex/hyperref/nameref.sty
Package: nameref 2016/05/21 v2.44 Cross-referencing by name of section

(/usr/local/texlive/2018/texmf-dist/tex/generic/oberdiek/gettitlestring.sty
Package: gettitlestring 2016/05/16 v1.5 Cleanup title references (HO)
)
\c@section@level=\count444
)
LaTeX Info: Redefining \ref on input line 157.
LaTeX Info: Redefining \pageref on input line 157.
LaTeX Info: Redefining \nameref on input line 157.

(./TFG_Jacqueline.out) (./TFG_Jacqueline.out)
\@outlinefile=\write5
\openout5 = `TFG_Jacqueline.out'.

\c@lstlisting=\count445
LaTeX Info: Redefining \celsius on input line 157.
Package gensymb Info: Faking symbols for \degree and \celsius on input line 157
.


Package gensymb Warning: Not defining \perthousand.

LaTeX Info: Redefining \ohm on input line 157.
Package gensymb Info: Using \Omega for \ohm on input line 157.

Package gensymb Warning: Not defining \micro.

LaTeX Font Info:    Try loading font information for OML+lmm on input line 157.

(/usr/local/texlive/2018/texmf-dist/tex/latex/lm/omllmm.fd
File: omllmm.fd 2009/10/30 v1.6 Font defs for Latin Modern
)
LaTeX Font Info:    Try loading font information for OMS+lmsy on input line 157
.

(/usr/local/texlive/2018/texmf-dist/tex/latex/lm/omslmsy.fd
File: omslmsy.fd 2009/10/30 v1.6 Font defs for Latin Modern
)
LaTeX Font Info:    Try loading font information for OMX+lmex on input line 157
.

(/usr/local/texlive/2018/texmf-dist/tex/latex/lm/omxlmex.fd
File: omxlmex.fd 2009/10/30 v1.6 Font defs for Latin Modern
)
LaTeX Font Info:    External font `lmex10' loaded for size
(Font)              <12> on input line 157.
LaTeX Font Info:    External font `lmex10' loaded for size
(Font)              <8> on input line 157.
LaTeX Font Info:    External font `lmex10' loaded for size
(Font)              <6> on input line 157.
LaTeX Font Info:    Try loading font information for U+msa on input line 157.

(/usr/local/texlive/2018/texmf-dist/tex/latex/amsfonts/umsa.fd
File: umsa.fd 2013/01/14 v3.01 AMS symbols A
)
LaTeX Font Info:    Try loading font information for U+msb on input line 157.

(/usr/local/texlive/2018/texmf-dist/tex/latex/amsfonts/umsb.fd
File: umsb.fd 2013/01/14 v3.01 AMS symbols B
)
LaTeX Font Info:    Try loading font information for OT1+lmss on input line 157
.

(/usr/local/texlive/2018/texmf-dist/tex/latex/lm/ot1lmss.fd
File: ot1lmss.fd 2009/10/30 v1.6 Font defs for Latin Modern
)
LaTeX Font Info:    Try loading font information for OT1+lmtt on input line 157
.

(/usr/local/texlive/2018/texmf-dist/tex/latex/lm/ot1lmtt.fd
File: ot1lmtt.fd 2009/10/30 v1.6 Font defs for Latin Modern
)
<portadaInterior.pdf, id=285, 614.295pt x 794.97pt>
File: portadaInterior.pdf Graphic file (type pdf)
<use portadaInterior.pdf>
Package pdftex.def Info: portadaInterior.pdf  used on input line 163.
(pdftex.def)             Requested size: 614.29349pt x 794.96806pt.
File: portadaInterior.pdf Graphic file (type pdf)
<use portadaInterior.pdf>
Package pdftex.def Info: portadaInterior.pdf  used on input line 163.
(pdftex.def)             Requested size: 614.29349pt x 794.96806pt.
<portadaInterior.pdf, id=288, page=1, 614.295pt x 794.97pt>
File: portadaInterior.pdf Graphic file (type pdf)
<use portadaInterior.pdf, page 1>
Package pdftex.def Info: portadaInterior.pdf , page1 used on input line 163.
(pdftex.def)             Requested size: 614.29349pt x 794.96806pt.
File: portadaInterior.pdf Graphic file (type pdf)
<use portadaInterior.pdf, page 1>
Package pdftex.def Info: portadaInterior.pdf , page1 used on input line 163.
(pdftex.def)             Requested size: 597.78697pt x 773.60669pt.
File: portadaInterior.pdf Graphic file (type pdf)
<use portadaInterior.pdf, page 1>
Package pdftex.def Info: portadaInterior.pdf , page1 used on input line 163.
(pdftex.def)             Requested size: 597.78697pt x 773.60669pt.
File: portadaInterior.pdf Graphic file (type pdf)
<use portadaInterior.pdf, page 1>
Package pdftex.def Info: portadaInterior.pdf , page1 used on input line 163.
(pdftex.def)             Requested size: 597.78697pt x 773.60669pt.
File: portadaInterior.pdf Graphic file (type pdf)
<use portadaInterior.pdf, page 1>
Package pdftex.def Info: portadaInterior.pdf , page1 used on input line 163.
(pdftex.def)             Requested size: 597.78697pt x 773.60669pt.
 [1

 <./portadaInterior.pdf>] [2

{/usr/local/texlive/2018/texmf-var/fonts/map/pdftex/updmap/pdftex.map}] (./TFG_
Jacqueline.toc

LaTeX Font Warning: Font shape `OT1/lmr/bx/sc' undefined
(Font)              using `OT1/lmr/bx/n' instead on input line 3.


Underfull \vbox (badness 3449) has occurred while \output is active []

 [3]
Underfull \vbox (badness 10000) has occurred while \output is active []

 [4]
Package acronym Info: Label `acro:LAN' newly defined as it shall be overridden
although it is yet undefined on input line 59.

[5])
\tf@toc=\write6
\openout6 = `TFG_Jacqueline.toc'.

 [6] (./TFG_Jacqueline.lof)
\tf@lof=\write7
\openout7 = `TFG_Jacqueline.lof'.

 [7

] [8

] (./TFG_Jacqueline.lot)
\tf@lot=\write8
\openout8 = `TFG_Jacqueline.lot'.

 [9] [10

]
(./secciones/abkuerzungen.tex [11] [12]) [13] [14

]
Package acronym Info: Label `acro:ITC' newly defined as it shall be overridden
although it is yet undefined on input line 178.
\c@mydef=\count446
 [15]
(./secciones/kapitel1.tex
Chapter 1.
Package acronym Info: Label `acro:RFID' newly defined as it shall be overridden

although it is yet undefined on input line 4.
Package acronym Info: Label `acro:SWOT' newly defined as it shall be overridden

although it is yet undefined on input line 4.

Underfull \vbox (badness 10000) has occurred while \output is active []

 [1

]
Package acronym Info: Label `acro:HIS' newly defined as it shall be overridden
although it is yet undefined on input line 25.
Package acronym Info: Label `acro:RIS' newly defined as it shall be overridden
although it is yet undefined on input line 25.
Package acronym Info: Label `acro:LIS' newly defined as it shall be overridden
although it is yet undefined on input line 25.

Underfull \vbox (badness 10000) has occurred while \output is active []

<logo_uniovi.png, id=565, 200.75pt x 162.6075pt>
File: logo_uniovi.png Graphic file (type png)
<use logo_uniovi.png>
Package pdftex.def Info: logo_uniovi.png  used on input line 26.
(pdftex.def)             Requested size: 40.97218pt x 33.18587pt.


Package Fancyhdr Warning: \headheight is too small (30.0pt): 
 Make it at least 33.18587pt.
 We now make it that large for the rest of the document.
 This may cause the page layout to be inconsistent, however.

[2 <./logo_uniovi.png>]
Package acronym Info: Label `acro:WARD' newly defined as it shall be overridden

although it is yet undefined on input line 33.
Package acronym Info: Label `acro:MIMS' newly defined as it shall be overridden

although it is yet undefined on input line 34.
File: logo_uniovi.png Graphic file (type png)
<use logo_uniovi.png>
Package pdftex.def Info: logo_uniovi.png  used on input line 35.
(pdftex.def)             Requested size: 40.97218pt x 33.18587pt.


Package Fancyhdr Warning: \headheight is too small (30.0pt): 
 Make it at least 33.18587pt.
 We now make it that large for the rest of the document.
 This may cause the page layout to be inconsistent, however.

[3]
Package acronym Info: Label `acro:LBMS' newly defined as it shall be overridden

although it is yet undefined on input line 38.
Package acronym Info: Label `acro:TMUH' newly defined as it shall be overridden

although it is yet undefined on input line 38.
Package acronym Info: Label `acro:SARS' newly defined as it shall be overridden

although it is yet undefined on input line 39.
Package acronym Info: Label `acro:HL7' newly defined as it shall be overridden
although it is yet undefined on input line 41.
Package acronym Info: Label `acro:DICOM' newly defined as it shall be overridde
n
although it is yet undefined on input line 41.

Underfull \vbox (badness 1975) has occurred while \output is active []

File: logo_uniovi.png Graphic file (type png)
<use logo_uniovi.png>
Package pdftex.def Info: logo_uniovi.png  used on input line 42.
(pdftex.def)             Requested size: 40.97218pt x 33.18587pt.


Package Fancyhdr Warning: \headheight is too small (30.0pt): 
 Make it at least 33.18587pt.
 We now make it that large for the rest of the document.
 This may cause the page layout to be inconsistent, however.

[4]
Underfull \vbox (badness 10000) has occurred while \output is active []

File: logo_uniovi.png Graphic file (type png)
<use logo_uniovi.png>
Package pdftex.def Info: logo_uniovi.png  used on input line 50.
(pdftex.def)             Requested size: 40.97218pt x 33.18587pt.


Package Fancyhdr Warning: \headheight is too small (30.0pt): 
 Make it at least 33.18587pt.
 We now make it that large for the rest of the document.
 This may cause the page layout to be inconsistent, however.

[5]
Underfull \vbox (badness 10000) has occurred while \output is active []

File: logo_uniovi.png Graphic file (type png)
<use logo_uniovi.png>
Package pdftex.def Info: logo_uniovi.png  used on input line 57.
(pdftex.def)             Requested size: 40.97218pt x 33.18587pt.


Package Fancyhdr Warning: \headheight is too small (30.0pt): 
 Make it at least 33.18587pt.
 We now make it that large for the rest of the document.
 This may cause the page layout to be inconsistent, however.

[6]
Package acronym Info: Label `acro:ERP' newly defined as it shall be overridden
although it is yet undefined on input line 58.

Underfull \vbox (badness 10000) has occurred while \output is active []

File: logo_uniovi.png Graphic file (type png)
<use logo_uniovi.png>
Package pdftex.def Info: logo_uniovi.png  used on input line 68.
(pdftex.def)             Requested size: 40.97218pt x 33.18587pt.


Package Fancyhdr Warning: \headheight is too small (30.0pt): 
 Make it at least 33.18587pt.
 We now make it that large for the rest of the document.
 This may cause the page layout to be inconsistent, however.

[7]
Package acronym Info: Label `acro:SOA' newly defined as it shall be overridden
although it is yet undefined on input line 74.

Underfull \vbox (badness 1281) has occurred while \output is active []

File: logo_uniovi.png Graphic file (type png)
<use logo_uniovi.png>
Package pdftex.def Info: logo_uniovi.png  used on input line 78.
(pdftex.def)             Requested size: 40.97218pt x 33.18587pt.


Package Fancyhdr Warning: \headheight is too small (30.0pt): 
 Make it at least 33.18587pt.
 We now make it that large for the rest of the document.
 This may cause the page layout to be inconsistent, however.

[8]
Package acronym Info: Label `acro:WLAN' newly defined as it shall be overridden

although it is yet undefined on input line 79.
Package acronym Info: Label `acro:IrDA' newly defined as it shall be overridden

although it is yet undefined on input line 79.
Package acronym Info: Label `acro:NFC' newly defined as it shall be overridden
although it is yet undefined on input line 79.
File: logo_uniovi.png Graphic file (type png)
<use logo_uniovi.png>
Package pdftex.def Info: logo_uniovi.png  used on input line 86.
(pdftex.def)             Requested size: 40.97218pt x 33.18587pt.


Package Fancyhdr Warning: \headheight is too small (30.0pt): 
 Make it at least 33.18587pt.
 We now make it that large for the rest of the document.
 This may cause the page layout to be inconsistent, however.

[9]
File: logo_uniovi.png Graphic file (type png)
<use logo_uniovi.png>
Package pdftex.def Info: logo_uniovi.png  used on input line 96.
(pdftex.def)             Requested size: 40.97218pt x 33.18587pt.


Package Fancyhdr Warning: \headheight is too small (30.0pt): 
 Make it at least 33.18587pt.
 We now make it that large for the rest of the document.
 This may cause the page layout to be inconsistent, however.

[10]
Underfull \vbox (badness 10000) has occurred while \output is active []

File: logo_uniovi.png Graphic file (type png)
<use logo_uniovi.png>
Package pdftex.def Info: logo_uniovi.png  used on input line 104.
(pdftex.def)             Requested size: 40.97218pt x 33.18587pt.


Package Fancyhdr Warning: \headheight is too small (30.0pt): 
 Make it at least 33.18587pt.
 We now make it that large for the rest of the document.
 This may cause the page layout to be inconsistent, however.

[11]
Underfull \vbox (badness 10000) has occurred while \output is active []

File: logo_uniovi.png Graphic file (type png)
<use logo_uniovi.png>
Package pdftex.def Info: logo_uniovi.png  used on input line 114.
(pdftex.def)             Requested size: 40.97218pt x 33.18587pt.


Package Fancyhdr Warning: \headheight is too small (30.0pt): 
 Make it at least 33.18587pt.
 We now make it that large for the rest of the document.
 This may cause the page layout to be inconsistent, however.

[12]
Package acronym Info: Label `acro:SME' newly defined as it shall be overridden
although it is yet undefined on input line 115.
File: logo_uniovi.png Graphic file (type png)
<use logo_uniovi.png>
Package pdftex.def Info: logo_uniovi.png  used on input line 124.
(pdftex.def)             Requested size: 40.97218pt x 33.18587pt.


Package Fancyhdr Warning: \headheight is too small (30.0pt): 
 Make it at least 33.18587pt.
 We now make it that large for the rest of the document.
 This may cause the page layout to be inconsistent, however.

[13]) (./secciones/kapitel2.tex
File: logo_uniovi.png Graphic file (type png)
<use logo_uniovi.png>
Package pdftex.def Info: logo_uniovi.png  used on input line 1.
(pdftex.def)             Requested size: 40.97218pt x 33.18587pt.


Package Fancyhdr Warning: \headheight is too small (30.0pt): 
 Make it at least 33.18587pt.
 We now make it that large for the rest of the document.
 This may cause the page layout to be inconsistent, however.

[14]
Chapter 2.
Package acronym Info: Label `acro:LOS' newly defined as it shall be overridden
although it is yet undefined on input line 8.
Package acronym Info: Label `acro:IT' newly defined as it shall be overridden
although it is yet undefined on input line 12.
[15

]
File: logo_uniovi.png Graphic file (type png)
<use logo_uniovi.png>
Package pdftex.def Info: logo_uniovi.png  used on input line 21.
(pdftex.def)             Requested size: 40.97218pt x 33.18587pt.


Package Fancyhdr Warning: \headheight is too small (30.0pt): 
 Make it at least 33.18587pt.
 We now make it that large for the rest of the document.
 This may cause the page layout to be inconsistent, however.

[16]
Package acronym Info: Label `acro:EPC' newly defined as it shall be overridden
although it is yet undefined on input line 22.
Package acronym Info: Label `acro:WORM' newly defined as it shall be overridden

although it is yet undefined on input line 22.
Package acronym Info: Label `acro:SMLE' newly defined as it shall be overridden

although it is yet undefined on input line 25.

Underfull \vbox (badness 10000) has occurred while \output is active []

File: logo_uniovi.png Graphic file (type png)
<use logo_uniovi.png>
Package pdftex.def Info: logo_uniovi.png  used on input line 28.
(pdftex.def)             Requested size: 40.97218pt x 33.18587pt.


Package Fancyhdr Warning: \headheight is too small (30.0pt): 
 Make it at least 33.18587pt.
 We now make it that large for the rest of the document.
 This may cause the page layout to be inconsistent, however.

[17]
<Imagenes/rfidtagdesign.png, id=745, 342.5297pt x 136.25906pt>
File: Imagenes/rfidtagdesign.png Graphic file (type png)
<use Imagenes/rfidtagdesign.png>
Package pdftex.def Info: Imagenes/rfidtagdesign.png  used on input line 31.
(pdftex.def)             Requested size: 441.01773pt x 175.45055pt.

Underfull \vbox (badness 10000) has occurred while \output is active []

File: logo_uniovi.png Graphic file (type png)
<use logo_uniovi.png>
Package pdftex.def Info: logo_uniovi.png  used on input line 41.
(pdftex.def)             Requested size: 40.97218pt x 33.18587pt.


Package Fancyhdr Warning: \headheight is too small (30.0pt): 
 Make it at least 33.18587pt.
 We now make it that large for the rest of the document.
 This may cause the page layout to be inconsistent, however.

[18 <./Imagenes/rfidtagdesign.png>]
Package acronym Info: Label `acro:PC' newly defined as it shall be overridden
although it is yet undefined on input line 44.
Package acronym Info: Label `acro:LF' newly defined as it shall be overridden
although it is yet undefined on input line 47.
Package acronym Info: Label `acro:HF' newly defined as it shall be overridden
although it is yet undefined on input line 47.

Underfull \vbox (badness 10000) has occurred while \output is active []

File: logo_uniovi.png Graphic file (type png)
<use logo_uniovi.png>
Package pdftex.def Info: logo_uniovi.png  used on input line 48.
(pdftex.def)             Requested size: 40.97218pt x 33.18587pt.


Package Fancyhdr Warning: \headheight is too small (30.0pt): 
 Make it at least 33.18587pt.
 We now make it that large for the rest of the document.
 This may cause the page layout to be inconsistent, however.

[19]
<Imagenes/rfidreaderdesign.png, id=777, 414.79968pt x 208.52907pt>
File: Imagenes/rfidreaderdesign.png Graphic file (type png)
<use Imagenes/rfidreaderdesign.png>
Package pdftex.def Info: Imagenes/rfidreaderdesign.png  used on input line 58.
(pdftex.def)             Requested size: 441.01773pt x 221.71748pt.

Underfull \vbox (badness 1281) has occurred while \output is active []

File: logo_uniovi.png Graphic file (type png)
<use logo_uniovi.png>
Package pdftex.def Info: logo_uniovi.png  used on input line 65.
(pdftex.def)             Requested size: 40.97218pt x 33.18587pt.


Package Fancyhdr Warning: \headheight is too small (30.0pt): 
 Make it at least 33.18587pt.
 We now make it that large for the rest of the document.
 This may cause the page layout to be inconsistent, however.

[20]
Underfull \vbox (badness 10000) has occurred while \output is active []

File: logo_uniovi.png Graphic file (type png)
<use logo_uniovi.png>
Package pdftex.def Info: logo_uniovi.png  used on input line 72.
(pdftex.def)             Requested size: 40.97218pt x 33.18587pt.


Package Fancyhdr Warning: \headheight is too small (30.0pt): 
 Make it at least 33.18587pt.
 We now make it that large for the rest of the document.
 This may cause the page layout to be inconsistent, however.

[21 <./Imagenes/rfidreaderdesign.png>]
Package acronym Info: Label `acro:CEP' newly defined as it shall be overridden
although it is yet undefined on input line 75.
Package acronym Info: Label `acro:SSL' newly defined as it shall be overridden
although it is yet undefined on input line 77.
Package acronym Info: Label `acro:TLS' newly defined as it shall be overridden
although it is yet undefined on input line 77.

Underfull \vbox (badness 10000) has occurred while \output is active []

File: logo_uniovi.png Graphic file (type png)
<use logo_uniovi.png>
Package pdftex.def Info: logo_uniovi.png  used on input line 82.
(pdftex.def)             Requested size: 40.97218pt x 33.18587pt.


Package Fancyhdr Warning: \headheight is too small (30.0pt): 
 Make it at least 33.18587pt.
 We now make it that large for the rest of the document.
 This may cause the page layout to be inconsistent, however.

[22]
Underfull \vbox (badness 6110) has occurred while \output is active []

File: logo_uniovi.png Graphic file (type png)
<use logo_uniovi.png>
Package pdftex.def Info: logo_uniovi.png  used on input line 93.
(pdftex.def)             Requested size: 40.97218pt x 33.18587pt.


Package Fancyhdr Warning: \headheight is too small (30.0pt): 
 Make it at least 33.18587pt.
 We now make it that large for the rest of the document.
 This may cause the page layout to be inconsistent, however.

[23]
Package acronym Info: Label `acro:FDA' newly defined as it shall be overridden
although it is yet undefined on input line 100.

Underfull \vbox (badness 1281) has occurred while \output is active []

File: logo_uniovi.png Graphic file (type png)
<use logo_uniovi.png>
Package pdftex.def Info: logo_uniovi.png  used on input line 103.
(pdftex.def)             Requested size: 40.97218pt x 33.18587pt.


Package Fancyhdr Warning: \headheight is too small (30.0pt): 
 Make it at least 33.18587pt.
 We now make it that large for the rest of the document.
 This may cause the page layout to be inconsistent, however.

[24]
Underfull \vbox (badness 10000) has occurred while \output is active []

File: logo_uniovi.png Graphic file (type png)
<use logo_uniovi.png>
Package pdftex.def Info: logo_uniovi.png  used on input line 111.
(pdftex.def)             Requested size: 40.97218pt x 33.18587pt.


Package Fancyhdr Warning: \headheight is too small (30.0pt): 
 Make it at least 33.18587pt.
 We now make it that large for the rest of the document.
 This may cause the page layout to be inconsistent, however.

[25]
Underfull \vbox (badness 10000) has occurred while \output is active []

File: logo_uniovi.png Graphic file (type png)
<use logo_uniovi.png>
Package pdftex.def Info: logo_uniovi.png  used on input line 123.
(pdftex.def)             Requested size: 40.97218pt x 33.18587pt.


Package Fancyhdr Warning: \headheight is too small (30.0pt): 
 Make it at least 33.18587pt.
 We now make it that large for the rest of the document.
 This may cause the page layout to be inconsistent, however.

[26]
Underfull \vbox (badness 10000) has occurred while \output is active []

File: logo_uniovi.png Graphic file (type png)
<use logo_uniovi.png>
Package pdftex.def Info: logo_uniovi.png  used on input line 134.
(pdftex.def)             Requested size: 40.97218pt x 33.18587pt.


Package Fancyhdr Warning: \headheight is too small (30.0pt): 
 Make it at least 33.18587pt.
 We now make it that large for the rest of the document.
 This may cause the page layout to be inconsistent, however.

[27]
Package acronym Info: Label `acro:SQL' newly defined as it shall be overridden
although it is yet undefined on input line 139.

Underfull \vbox (badness 10000) has occurred while \output is active []

File: logo_uniovi.png Graphic file (type png)
<use logo_uniovi.png>
Package pdftex.def Info: logo_uniovi.png  used on input line 148.
(pdftex.def)             Requested size: 40.97218pt x 33.18587pt.


Package Fancyhdr Warning: \headheight is too small (30.0pt): 
 Make it at least 33.18587pt.
 We now make it that large for the rest of the document.
 This may cause the page layout to be inconsistent, however.

[28]
Package acronym Info: Label `acro:XML' newly defined as it shall be overridden
although it is yet undefined on input line 149.
Package acronym Info: Label `acro:JSON' newly defined as it shall be overridden

although it is yet undefined on input line 151.

Underfull \vbox (badness 10000) has occurred while \output is active []

File: logo_uniovi.png Graphic file (type png)
<use logo_uniovi.png>
Package pdftex.def Info: logo_uniovi.png  used on input line 155.
(pdftex.def)             Requested size: 40.97218pt x 33.18587pt.


Package Fancyhdr Warning: \headheight is too small (30.0pt): 
 Make it at least 33.18587pt.
 We now make it that large for the rest of the document.
 This may cause the page layout to be inconsistent, however.

[29]
Package acronym Info: Label `acro:DBMS' newly defined as it shall be overridden

although it is yet undefined on input line 160.

Underfull \vbox (badness 10000) has occurred while \output is active []

File: logo_uniovi.png Graphic file (type png)
<use logo_uniovi.png>
Package pdftex.def Info: logo_uniovi.png  used on input line 166.
(pdftex.def)             Requested size: 40.97218pt x 33.18587pt.


Package Fancyhdr Warning: \headheight is too small (30.0pt): 
 Make it at least 33.18587pt.
 We now make it that large for the rest of the document.
 This may cause the page layout to be inconsistent, however.

[30]
Package acronym Info: Label `acro:RDBMS' newly defined as it shall be overridde
n
although it is yet undefined on input line 166.

Underfull \vbox (badness 10000) has occurred while \output is active []

File: logo_uniovi.png Graphic file (type png)
<use logo_uniovi.png>
Package pdftex.def Info: logo_uniovi.png  used on input line 177.
(pdftex.def)             Requested size: 40.97218pt x 33.18587pt.


Package Fancyhdr Warning: \headheight is too small (30.0pt): 
 Make it at least 33.18587pt.
 We now make it that large for the rest of the document.
 This may cause the page layout to be inconsistent, however.

[31]
Package acronym Info: Label `acro:OSN' newly defined as it shall be overridden
although it is yet undefined on input line 182.

Underfull \vbox (badness 5985) has occurred while \output is active []

File: logo_uniovi.png Graphic file (type png)
<use logo_uniovi.png>
Package pdftex.def Info: logo_uniovi.png  used on input line 190.
(pdftex.def)             Requested size: 40.97218pt x 33.18587pt.


Package Fancyhdr Warning: \headheight is too small (30.0pt): 
 Make it at least 33.18587pt.
 We now make it that large for the rest of the document.
 This may cause the page layout to be inconsistent, however.

[32]
Package acronym Info: Label `acro:NAS' newly defined as it shall be overridden
although it is yet undefined on input line 200.
Package acronym Info: Label `acro:SAN' newly defined as it shall be overridden
although it is yet undefined on input line 200.
File: logo_uniovi.png Graphic file (type png)
<use logo_uniovi.png>
Package pdftex.def Info: logo_uniovi.png  used on input line 201.
(pdftex.def)             Requested size: 40.97218pt x 33.18587pt.


Package Fancyhdr Warning: \headheight is too small (30.0pt): 
 Make it at least 33.18587pt.
 We now make it that large for the rest of the document.
 This may cause the page layout to be inconsistent, however.

[33]) (./secciones/kapitel3.tex
File: logo_uniovi.png Graphic file (type png)
<use logo_uniovi.png>
Package pdftex.def Info: logo_uniovi.png  used on input line 1.
(pdftex.def)             Requested size: 40.97218pt x 33.18587pt.


Package Fancyhdr Warning: \headheight is too small (30.0pt): 
 Make it at least 33.18587pt.
 We now make it that large for the rest of the document.
 This may cause the page layout to be inconsistent, however.

[34]
Chapter 3.
<Imagenes/existing_apps.png, id=946, 548.7702pt x 414.348pt>
File: Imagenes/existing_apps.png Graphic file (type png)
<use Imagenes/existing_apps.png>
Package pdftex.def Info: Imagenes/existing_apps.png  used on input line 18.
(pdftex.def)             Requested size: 441.01773pt x 332.99623pt.

Underfull \vbox (badness 10000) has occurred while \output is active []

 [35

]
File: logo_uniovi.png Graphic file (type png)
<use logo_uniovi.png>
Package pdftex.def Info: logo_uniovi.png  used on input line 25.
(pdftex.def)             Requested size: 40.97218pt x 33.18587pt.


Package Fancyhdr Warning: \headheight is too small (30.0pt): 
 Make it at least 33.18587pt.
 We now make it that large for the rest of the document.
 This may cause the page layout to be inconsistent, however.

[36 <./Imagenes/existing_apps.png>]
<Imagenes/first_draft.png, id=960, 740.7675pt x 947.54pt>
File: Imagenes/first_draft.png Graphic file (type png)
<use Imagenes/first_draft.png>
Package pdftex.def Info: Imagenes/first_draft.png  used on input line 37.
(pdftex.def)             Requested size: 441.01773pt x 564.1186pt.

Underfull \vbox (badness 6110) has occurred while \output is active []

File: logo_uniovi.png Graphic file (type png)
<use logo_uniovi.png>
Package pdftex.def Info: logo_uniovi.png  used on input line 39.
(pdftex.def)             Requested size: 40.97218pt x 33.18587pt.


Package Fancyhdr Warning: \headheight is too small (30.0pt): 
 Make it at least 33.18587pt.
 We now make it that large for the rest of the document.
 This may cause the page layout to be inconsistent, however.

[37]
LaTeX Font Info:    Try loading font information for OMS+lmr on input line 56.
 (/usr/local/texlive/2018/texmf-dist/tex/latex/lm/omslmr.fd
File: omslmr.fd 2009/10/30 v1.6 Font defs for Latin Modern
)
LaTeX Font Info:    Font shape `OMS/lmr/m/n' in size <12> not available
(Font)              Font shape `OMS/lmsy/m/n' tried instead on input line 56.
Package acronym Info: Label `acro:CLI' newly defined as it shall be overridden
although it is yet undefined on input line 56.

Underfull \vbox (badness 2351) has occurred while \output is active []

File: logo_uniovi.png Graphic file (type png)
<use logo_uniovi.png>
Package pdftex.def Info: logo_uniovi.png  used on input line 57.
(pdftex.def)             Requested size: 40.97218pt x 33.18587pt.


Package Fancyhdr Warning: \headheight is too small (30.0pt): 
 Make it at least 33.18587pt.
 We now make it that large for the rest of the document.
 This may cause the page layout to be inconsistent, however.

[38]
File: logo_uniovi.png Graphic file (type png)
<use logo_uniovi.png>
Package pdftex.def Info: logo_uniovi.png  used on input line 57.
(pdftex.def)             Requested size: 40.97218pt x 33.18587pt.


Package Fancyhdr Warning: \headheight is too small (30.0pt): 
 Make it at least 33.18587pt.
 We now make it that large for the rest of the document.
 This may cause the page layout to be inconsistent, however.

[39 <./Imagenes/first_draft.png>]
<Imagenes/ns-architecture.png, id=986, 916.42375pt x 627.34375pt>
File: Imagenes/ns-architecture.png Graphic file (type png)
<use Imagenes/ns-architecture.png>
Package pdftex.def Info: Imagenes/ns-architecture.png  used on input line 60.
(pdftex.def)             Requested size: 441.01773pt x 301.90651pt.
<Imagenes/mvvm_ns.png, id=990, 474.77374pt x 290.08376pt>
File: Imagenes/mvvm_ns.png Graphic file (type png)
<use Imagenes/mvvm_ns.png>
Package pdftex.def Info: Imagenes/mvvm_ns.png  used on input line 70.
(pdftex.def)             Requested size: 441.01773pt x 269.46968pt.
Package acronym Info: Label `acro:MVVM' newly defined as it shall be overridden

although it is yet undefined on input line 74.
Package acronym Info: Label `acro:MVC' newly defined as it shall be overridden
although it is yet undefined on input line 74.

Underfull \vbox (badness 10000) has occurred while \output is active []

File: logo_uniovi.png Graphic file (type png)
<use logo_uniovi.png>
Package pdftex.def Info: logo_uniovi.png  used on input line 75.
(pdftex.def)             Requested size: 40.97218pt x 33.18587pt.


Package Fancyhdr Warning: \headheight is too small (30.0pt): 
 Make it at least 33.18587pt.
 We now make it that large for the rest of the document.
 This may cause the page layout to be inconsistent, however.

[40 <./Imagenes/ns-architecture.png>]
Underfull \vbox (badness 10000) has occurred while \output is active []

File: logo_uniovi.png Graphic file (type png)
<use logo_uniovi.png>
Package pdftex.def Info: logo_uniovi.png  used on input line 80.
(pdftex.def)             Requested size: 40.97218pt x 33.18587pt.


Package Fancyhdr Warning: \headheight is too small (30.0pt): 
 Make it at least 33.18587pt.
 We now make it that large for the rest of the document.
 This may cause the page layout to be inconsistent, however.

[41 <./Imagenes/mvvm_ns.png>]
Package acronym Info: Label `acro:BSON' newly defined as it shall be overridden

although it is yet undefined on input line 91.

Underfull \vbox (badness 1590) has occurred while \output is active []

File: logo_uniovi.png Graphic file (type png)
<use logo_uniovi.png>
Package pdftex.def Info: logo_uniovi.png  used on input line 94.
(pdftex.def)             Requested size: 40.97218pt x 33.18587pt.


Package Fancyhdr Warning: \headheight is too small (30.0pt): 
 Make it at least 33.18587pt.
 We now make it that large for the rest of the document.
 This may cause the page layout to be inconsistent, however.

[42]
File: logo_uniovi.png Graphic file (type png)
<use logo_uniovi.png>
Package pdftex.def Info: logo_uniovi.png  used on input line 110.
(pdftex.def)             Requested size: 40.97218pt x 33.18587pt.


Package Fancyhdr Warning: \headheight is too small (30.0pt): 
 Make it at least 33.18587pt.
 We now make it that large for the rest of the document.
 This may cause the page layout to be inconsistent, however.

[43]
File: logo_uniovi.png Graphic file (type png)
<use logo_uniovi.png>
Package pdftex.def Info: logo_uniovi.png  used on input line 124.
(pdftex.def)             Requested size: 40.97218pt x 33.18587pt.


Package Fancyhdr Warning: \headheight is too small (30.0pt): 
 Make it at least 33.18587pt.
 We now make it that large for the rest of the document.
 This may cause the page layout to be inconsistent, however.

[44]
Package acronym Info: Label `acro:WPA2' newly defined as it shall be overridden

although it is yet undefined on input line 124.
File: logo_uniovi.png Graphic file (type png)
<use logo_uniovi.png>
Package pdftex.def Info: logo_uniovi.png  used on input line 132.
(pdftex.def)             Requested size: 40.97218pt x 33.18587pt.


Package Fancyhdr Warning: \headheight is too small (30.0pt): 
 Make it at least 33.18587pt.
 We now make it that large for the rest of the document.
 This may cause the page layout to be inconsistent, however.

[45]
<Imagenes/app_scenario.png, id=1059, 655.44875pt x 447.6725pt>
File: Imagenes/app_scenario.png Graphic file (type png)
<use Imagenes/app_scenario.png>
Package pdftex.def Info: Imagenes/app_scenario.png  used on input line 144.
(pdftex.def)             Requested size: 441.01773pt x 301.2164pt.
Package acronym Info: Label `acro:PZN' newly defined as it shall be overridden
although it is yet undefined on input line 148.

Underfull \vbox (badness 1281) has occurred while \output is active []

File: logo_uniovi.png Graphic file (type png)
<use logo_uniovi.png>
Package pdftex.def Info: logo_uniovi.png  used on input line 149.
(pdftex.def)             Requested size: 40.97218pt x 33.18587pt.


Package Fancyhdr Warning: \headheight is too small (30.0pt): 
 Make it at least 33.18587pt.
 We now make it that large for the rest of the document.
 This may cause the page layout to be inconsistent, however.

[46]
<Imagenes/Mainview.png, id=1068, 302.12875pt x 604.2575pt>
File: Imagenes/Mainview.png Graphic file (type png)
<use Imagenes/Mainview.png>
Package pdftex.def Info: Imagenes/Mainview.png  used on input line 152.
(pdftex.def)             Requested size: 113.80972pt x 227.61945pt.
<Imagenes/Detailview.png, id=1069, 304.13625pt x 606.265pt>
File: Imagenes/Detailview.png Graphic file (type png)
<use Imagenes/Detailview.png>
Package pdftex.def Info: Imagenes/Detailview.png  used on input line 153.
(pdftex.def)             Requested size: 113.80948pt x 227.62634pt.
<Imagenes/administeredView.png, id=1070, 300.12125pt x 606.265pt>
File: Imagenes/administeredView.png Graphic file (type png)
<use Imagenes/administeredView.png>
Package pdftex.def Info: Imagenes/administeredView.png  used on input line 154.

(pdftex.def)             Requested size: 113.80913pt x 227.62634pt.

Underfull \vbox (badness 10000) has occurred while \output is active []

File: logo_uniovi.png Graphic file (type png)
<use logo_uniovi.png>
Package pdftex.def Info: logo_uniovi.png  used on input line 161.
(pdftex.def)             Requested size: 40.97218pt x 33.18587pt.


Package Fancyhdr Warning: \headheight is too small (30.0pt): 
 Make it at least 33.18587pt.
 We now make it that large for the rest of the document.
 This may cause the page layout to be inconsistent, however.

[47 <./Imagenes/app_scenario.png>]
<Imagenes/app_architecture.png, id=1079, 609.27625pt x 835.12pt>
File: Imagenes/app_architecture.png Graphic file (type png)
<use Imagenes/app_architecture.png>
Package pdftex.def Info: Imagenes/app_architecture.png  used on input line 164.

(pdftex.def)             Requested size: 441.01773pt x 604.50989pt.
File: logo_uniovi.png Graphic file (type png)
<use logo_uniovi.png>
Package pdftex.def Info: logo_uniovi.png  used on input line 171.
(pdftex.def)             Requested size: 40.97218pt x 33.18587pt.


Package Fancyhdr Warning: \headheight is too small (30.0pt): 
 Make it at least 33.18587pt.
 We now make it that large for the rest of the document.
 This may cause the page layout to be inconsistent, however.

[48 <./Imagenes/Mainview.png> <./Imagenes/Detailview.png> <./Imagenes/administe
redView.png>]
File: logo_uniovi.png Graphic file (type png)
<use logo_uniovi.png>
Package pdftex.def Info: logo_uniovi.png  used on input line 171.
(pdftex.def)             Requested size: 40.97218pt x 33.18587pt.


Package Fancyhdr Warning: \headheight is too small (30.0pt): 
 Make it at least 33.18587pt.
 We now make it that large for the rest of the document.
 This may cause the page layout to be inconsistent, however.

[49 <./Imagenes/app_architecture.png>]
<Imagenes/Mongo_DataModel.png, id=1099, 514.92375pt x 395.4775pt>
File: Imagenes/Mongo_DataModel.png Graphic file (type png)
<use Imagenes/Mongo_DataModel.png>
Package pdftex.def Info: Imagenes/Mongo_DataModel.png  used on input line 174.
(pdftex.def)             Requested size: 227.62pt x 170.7158pt.
<Imagenes/hub_architecture.png, id=1103, 691.58376pt x 706.64pt>
File: Imagenes/hub_architecture.png Graphic file (type png)
<use Imagenes/hub_architecture.png>
Package pdftex.def Info: Imagenes/hub_architecture.png  used on input line 190.

(pdftex.def)             Requested size: 441.01773pt x 450.63069pt.
File: logo_uniovi.png Graphic file (type png)
<use logo_uniovi.png>
Package pdftex.def Info: logo_uniovi.png  used on input line 197.
(pdftex.def)             Requested size: 40.97218pt x 33.18587pt.


Package Fancyhdr Warning: \headheight is too small (30.0pt): 
 Make it at least 33.18587pt.
 We now make it that large for the rest of the document.
 This may cause the page layout to be inconsistent, however.

[50 <./Imagenes/Mongo_DataModel.png>]
File: logo_uniovi.png Graphic file (type png)
<use logo_uniovi.png>
Package pdftex.def Info: logo_uniovi.png  used on input line 197.
(pdftex.def)             Requested size: 40.97218pt x 33.18587pt.


Package Fancyhdr Warning: \headheight is too small (30.0pt): 
 Make it at least 33.18587pt.
 We now make it that large for the rest of the document.
 This may cause the page layout to be inconsistent, however.

[51 <./Imagenes/hub_architecture.png>]
<Imagenes/reading_matlab.png, id=1120, 658.46pt x 887.315pt>
File: Imagenes/reading_matlab.png Graphic file (type png)
<use Imagenes/reading_matlab.png>
Package pdftex.def Info: Imagenes/reading_matlab.png  used on input line 202.
(pdftex.def)             Requested size: 441.01773pt x 594.30841pt.
Package acronym Info: Label `acro:HUCA' newly defined as it shall be overridden

although it is yet undefined on input line 208.
Package acronym Info: Label `acro:SPECT' newly defined as it shall be overridde
n
although it is yet undefined on input line 210.
Package acronym Info: Label `acro:TC' newly defined as it shall be overridden
although it is yet undefined on input line 210.
Package acronym Info: Label `acro:SESPA' newly defined as it shall be overridde
n
although it is yet undefined on input line 212.

Underfull \vbox (badness 10000) has occurred while \output is active []

File: logo_uniovi.png Graphic file (type png)
<use logo_uniovi.png>
Package pdftex.def Info: logo_uniovi.png  used on input line 213.
(pdftex.def)             Requested size: 40.97218pt x 33.18587pt.


Package Fancyhdr Warning: \headheight is too small (30.0pt): 
 Make it at least 33.18587pt.
 We now make it that large for the rest of the document.
 This may cause the page layout to be inconsistent, however.

[52]
File: logo_uniovi.png Graphic file (type png)
<use logo_uniovi.png>
Package pdftex.def Info: logo_uniovi.png  used on input line 213.
(pdftex.def)             Requested size: 40.97218pt x 33.18587pt.


Package Fancyhdr Warning: \headheight is too small (30.0pt): 
 Make it at least 33.18587pt.
 We now make it that large for the rest of the document.
 This may cause the page layout to be inconsistent, however.

[53 <./Imagenes/reading_matlab.png>]
<Imagenes/permission_HUCA.jpg, id=1146, 1854.93pt x 2802.47pt>
File: Imagenes/permission_HUCA.jpg Graphic file (type jpg)
<use Imagenes/permission_HUCA.jpg>
Package pdftex.def Info: Imagenes/permission_HUCA.jpg  used on input line 219.
(pdftex.def)             Requested size: 441.01773pt x 666.27776pt.


LaTeX Warning: Float too large for page by 9.47104pt on input line 221.

File: logo_uniovi.png Graphic file (type png)
<use logo_uniovi.png>
Package pdftex.def Info: logo_uniovi.png  used on input line 241.
(pdftex.def)             Requested size: 40.97218pt x 33.18587pt.

Package Fancyhdr Warning: \headheight is too small (30.0pt): 
 Make it at least 33.18587pt.
 We now make it that large for the rest of the document.
 This may cause the page layout to be inconsistent, however.

[54]
File: logo_uniovi.png Graphic file (type png)
<use logo_uniovi.png>
Package pdftex.def Info: logo_uniovi.png  used on input line 241.
(pdftex.def)             Requested size: 40.97218pt x 33.18587pt.


Package Fancyhdr Warning: \headheight is too small (30.0pt): 
 Make it at least 33.18587pt.
 We now make it that large for the rest of the document.
 This may cause the page layout to be inconsistent, however.

[55 <./Imagenes/permission_HUCA.jpg>]
<Imagenes/s3_01.png, id=1159, 722.7pt x 1284.8pt>
File: Imagenes/s3_01.png Graphic file (type png)
<use Imagenes/s3_01.png>
Package pdftex.def Info: Imagenes/s3_01.png  used on input line 244.
(pdftex.def)             Requested size: 170.71672pt x 284.5193pt.
<Imagenes/s3_02.png, id=1160, 722.7pt x 1284.8pt>
File: Imagenes/s3_02.png Graphic file (type png)
<use Imagenes/s3_02.png>
Package pdftex.def Info: Imagenes/s3_02.png  used on input line 245.
(pdftex.def)             Requested size: 170.71672pt x 284.5193pt.
<Imagenes/s3_03.png, id=1161, 722.7pt x 1284.8pt>
File: Imagenes/s3_03.png Graphic file (type png)
<use Imagenes/s3_03.png>
Package pdftex.def Info: Imagenes/s3_03.png  used on input line 246.
(pdftex.def)             Requested size: 170.71672pt x 284.5193pt.
<Imagenes/s3_04.png, id=1162, 722.7pt x 1284.8pt>
File: Imagenes/s3_04.png Graphic file (type png)
<use Imagenes/s3_04.png>
Package pdftex.def Info: Imagenes/s3_04.png  used on input line 247.
(pdftex.def)             Requested size: 170.71672pt x 284.5193pt.
) (./secciones/kapitel4.tex
File: logo_uniovi.png Graphic file (type png)
<use logo_uniovi.png>
Package pdftex.def Info: logo_uniovi.png  used on input line 1.
(pdftex.def)             Requested size: 40.97218pt x 33.18587pt.


Package Fancyhdr Warning: \headheight is too small (30.0pt): 
 Make it at least 33.18587pt.
 We now make it that large for the rest of the document.
 This may cause the page layout to be inconsistent, however.

[56]
File: logo_uniovi.png Graphic file (type png)
<use logo_uniovi.png>
Package pdftex.def Info: logo_uniovi.png  used on input line 1.
(pdftex.def)             Requested size: 40.97218pt x 33.18587pt.


Package Fancyhdr Warning: \headheight is too small (30.0pt): 
 Make it at least 33.18587pt.
 We now make it that large for the rest of the document.
 This may cause the page layout to be inconsistent, however.

[57 <./Imagenes/s3_01.png> <./Imagenes/s3_02.png> <./Imagenes/s3_03.png> <./Ima
genes/s3_04.png>]
File: logo_uniovi.png Graphic file (type png)
<use logo_uniovi.png>
Package pdftex.def Info: logo_uniovi.png  used on input line 1.
(pdftex.def)             Requested size: 40.97218pt x 33.18587pt.


Package Fancyhdr Warning: \headheight is too small (30.0pt): 
 Make it at least 33.18587pt.
 We now make it that large for the rest of the document.
 This may cause the page layout to be inconsistent, however.

[58

]
Chapter 4.

Underfull \vbox (badness 10000) has occurred while \output is active []

 [59]
<Imagenes/extension_mongodatamodel.png, id=1191, 730.73pt x 607.26875pt>
File: Imagenes/extension_mongodatamodel.png Graphic file (type png)
<use Imagenes/extension_mongodatamodel.png>
Package pdftex.def Info: Imagenes/extension_mongodatamodel.png  used on input l
ine 25.
(pdftex.def)             Requested size: 441.01773pt x 366.50455pt.
)
Underfull \vbox (badness 10000) has occurred while \output is active []

File: logo_uniovi.png Graphic file (type png)
<use logo_uniovi.png>
Package pdftex.def Info: logo_uniovi.png  used on input line 196.
(pdftex.def)             Requested size: 40.97218pt x 33.18587pt.


Package Fancyhdr Warning: \headheight is too small (30.0pt): 
 Make it at least 33.18587pt.
 We now make it that large for the rest of the document.
 This may cause the page layout to be inconsistent, however.

[60]
File: logo_uniovi.png Graphic file (type png)
<use logo_uniovi.png>
Package pdftex.def Info: logo_uniovi.png  used on input line 196.
(pdftex.def)             Requested size: 40.97218pt x 33.18587pt.


Package Fancyhdr Warning: \headheight is too small (30.0pt): 
 Make it at least 33.18587pt.
 We now make it that large for the rest of the document.
 This may cause the page layout to be inconsistent, however.

[61 <./Imagenes/extension_mongodatamodel.png>]
File: logo_uniovi.png Graphic file (type png)
<use logo_uniovi.png>
Package pdftex.def Info: logo_uniovi.png  used on input line 196.
(pdftex.def)             Requested size: 40.97218pt x 33.18587pt.


Package Fancyhdr Warning: \headheight is too small (30.0pt): 
 Make it at least 33.18587pt.
 We now make it that large for the rest of the document.
 This may cause the page layout to be inconsistent, however.

[62] [63


]

Package biblatex Warning: No driver for entry type 'software'.
(biblatex)                Using fallback driver on input line 201.

File: logo_uniovi.png Graphic file (type png)
<use logo_uniovi.png>
Package pdftex.def Info: logo_uniovi.png  used on input line 201.
(pdftex.def)             Requested size: 40.97218pt x 33.18587pt.

Package Fancyhdr Warning: \headheight is too small (30.0pt): 
 Make it at least 33.18587pt.
 We now make it that large for the rest of the document.
 This may cause the page layout to be inconsistent, however.

[64]
File: logo_uniovi.png Graphic file (type png)
<use logo_uniovi.png>
Package pdftex.def Info: logo_uniovi.png  used on input line 205.
(pdftex.def)             Requested size: 40.97218pt x 33.18587pt.


Package Fancyhdr Warning: \headheight is too small (30.0pt): 
 Make it at least 33.18587pt.
 We now make it that large for the rest of the document.
 This may cause the page layout to be inconsistent, however.

[65]
Appendix A.
<presupuesto.pdf, id=1257, 614.295pt x 794.97pt>
File: presupuesto.pdf Graphic file (type pdf)
<use presupuesto.pdf>
Package pdftex.def Info: presupuesto.pdf  used on input line 212.
(pdftex.def)             Requested size: 441.01773pt x 570.72826pt.
[66


 <./presupuesto.pdf>]
Appendix B.
<gantt.pdf, id=1294, 614.295pt x 794.97pt>
File: gantt.pdf Graphic file (type pdf)
<use gantt.pdf>
Package pdftex.def Info: gantt.pdf  used on input line 219.
(pdftex.def)             Requested size: 441.01773pt x 570.72826pt.
[67

 <./gantt.pdf>] 
AED: lastpage setting LastPage
Package atveryend Info: Empty hook `BeforeClearDocument' on input line 225.
Package atveryend Info: Empty hook `AfterLastShipout' on input line 225.
(./TFG_Jacqueline.aux)
Package atveryend Info: Executing hook `AtVeryEndDocument' on input line 225.
Package atveryend Info: Executing hook `AtEndAfterFileList' on input line 225.
Package rerunfilecheck Info: File `TFG_Jacqueline.out' has not changed.
(rerunfilecheck)             Checksum: 8A487A59CEF00966BC93AB7681A49F0E;5376.


LaTeX Font Warning: Some font shapes were not available, defaults substituted.

Package logreq Info: Writing requests to 'TFG_Jacqueline.run.xml'.
\openout1 = `TFG_Jacqueline.run.xml'.

 ) 
Here is how much of TeX's memory you used:
 30139 strings out of 492649
 553590 string characters out of 6129622
 977657 words of memory out of 5000000
 33329 multiletter control sequences out of 15000+600000
 582485 words of font info for 55 fonts, out of 8000000 for 9000
 1142 hyphenation exceptions out of 8191
 44i,18n,51p,10378b,2465s stack positions out of 5000i,500n,10000p,200000b,80000s
{/usr/local/texlive/2018/texmf-dist/fonts/enc/dvips/lm/lm-rmsc.enc}{/usr/loca
l/texlive/2018/texmf-dist/fonts/enc/dvips/lm/lm-rm.enc}{/usr/local/texlive/2018
/texmf-dist/fonts/enc/dvips/lm/lm-mathit.enc}{/usr/local/texlive/2018/texmf-dis
t/fonts/enc/dvips/lm/lm-mathsy.enc}</usr/local/texlive/2018/texmf-dist/fonts/ty
pe1/public/lm/lmbx10.pfb></usr/local/texlive/2018/texmf-dist/fonts/type1/public
/lm/lmbx12.pfb></usr/local/texlive/2018/texmf-dist/fonts/type1/public/lm/lmbx8.
pfb></usr/local/texlive/2018/texmf-dist/fonts/type1/public/lm/lmcsc10.pfb></usr
/local/texlive/2018/texmf-dist/fonts/type1/public/lm/lmmi12.pfb></usr/local/tex
live/2018/texmf-dist/fonts/type1/public/lm/lmr10.pfb></usr/local/texlive/2018/t
exmf-dist/fonts/type1/public/lm/lmr12.pfb></usr/local/texlive/2018/texmf-dist/f
onts/type1/public/lm/lmri12.pfb></usr/local/texlive/2018/texmf-dist/fonts/type1
/public/lm/lmsy10.pfb></usr/local/texlive/2018/texmf-dist/fonts/type1/public/lm
/lmsy8.pfb>
Output written on TFG_Jacqueline.pdf (82 pages, 2998115 bytes).
PDF statistics:
 1426 PDF objects out of 1440 (max. 8388607)
 1258 compressed objects within 13 object streams
 297 named destinations out of 1000 (max. 500000)
 696 words of extra memory for PDF output out of 10000 (max. 10000000)

